[0.023s] Invoking command in '/workspaces/Engineer_Visual/src/build/hikcamera': CMAKE_PREFIX_PATH=${CMAKE_PREFIX_PATH}:/opt/ros/humble /usr/bin/cmake /workspaces/Engineer_Visual/src/ros2-hikcamera -DCMAKE_INSTALL_PREFIX=/workspaces/Engineer_Visual/src/install
[0.081s] -- The C compiler identification is GNU 11.4.0
[0.120s] -- The CXX compiler identification is GNU 11.4.0
[0.128s] -- Detecting C compiler ABI info
[0.169s] -- Detecting C compiler ABI info - done
[0.175s] -- Check for working C compiler: /usr/bin/cc - skipped
[0.175s] -- Detecting C compile features
[0.176s] -- Detecting C compile features - done
[0.178s] -- Detecting CXX compiler ABI info
[0.224s] -- Detecting CXX compiler ABI info - done
[0.228s] -- Check for working CXX compiler: /usr/bin/c++ - skipped
[0.228s] -- Detecting CXX compile features
[0.229s] -- Detecting CXX compile features - done
[0.230s] -- Found ament_cmake_auto: 1.3.8 (/opt/ros/humble/share/ament_cmake_auto/cmake)
[0.305s] -- Found Python3: /usr/bin/python3 (found version "3.10.12") found components: Interpreter 
[0.423s] -- Found rosidl_generator_c: 3.1.5 (/opt/ros/humble/share/rosidl_generator_c/cmake)
[0.426s] -- Found rosidl_adapter: 3.1.5 (/opt/ros/humble/share/rosidl_adapter/cmake)
[0.432s] -- Found rosidl_generator_cpp: 3.1.5 (/opt/ros/humble/share/rosidl_generator_cpp/cmake)
[0.441s] -- Using all available rosidl_typesupport_c: rosidl_typesupport_fastrtps_c;rosidl_typesupport_introspection_c
[0.453s] -- Using all available rosidl_typesupport_cpp: rosidl_typesupport_fastrtps_cpp;rosidl_typesupport_introspection_cpp
[0.497s] -- Found rmw_implementation_cmake: 6.1.1 (/opt/ros/humble/share/rmw_implementation_cmake/cmake)
[0.498s] -- Found rmw_fastrtps_cpp: 6.2.6 (/opt/ros/humble/share/rmw_fastrtps_cpp/cmake)
[0.564s] -- Found OpenSSL: /usr/lib/x86_64-linux-gnu/libcrypto.so (found version "3.0.2")  
[0.580s] -- Found FastRTPS: /opt/ros/humble/include  
[0.607s] -- Using RMW implementation 'rmw_fastrtps_cpp' as default
[0.614s] -- Looking for pthread.h
[0.658s] -- Looking for pthread.h - found
[0.658s] -- Performing Test CMAKE_HAVE_LIBC_PTHREAD
[0.699s] -- Performing Test CMAKE_HAVE_LIBC_PTHREAD - Success
[0.700s] -- Found Threads: TRUE  
[0.801s] -- Found OpenCV: /usr (found suitable version "4.5.4", minimum required is "4.5") 
[0.806s] -- Configuring done
[0.812s] -- Generating done
[0.813s] -- Build files have been written to: /workspaces/Engineer_Visual/src/build/hikcamera
[0.818s] Invoked command in '/workspaces/Engineer_Visual/src/build/hikcamera' returned '0': CMAKE_PREFIX_PATH=${CMAKE_PREFIX_PATH}:/opt/ros/humble /usr/bin/cmake /workspaces/Engineer_Visual/src/ros2-hikcamera -DCMAKE_INSTALL_PREFIX=/workspaces/Engineer_Visual/src/install
[0.819s] Invoking command in '/workspaces/Engineer_Visual/src/build/hikcamera': CMAKE_PREFIX_PATH=${CMAKE_PREFIX_PATH}:/opt/ros/humble /usr/bin/cmake --build /workspaces/Engineer_Visual/src/build/hikcamera -- -j20 -l20
[0.849s] [ 50%] [32mBuilding CXX object CMakeFiles/hikcamera.dir/src/image_capturer.cpp.o[0m
[1.336s] [100%] [32m[1mLinking CXX shared library libhikcamera.so[0m
[1.408s] [100%] Built target hikcamera
[1.414s] Invoked command in '/workspaces/Engineer_Visual/src/build/hikcamera' returned '0': CMAKE_PREFIX_PATH=${CMAKE_PREFIX_PATH}:/opt/ros/humble /usr/bin/cmake --build /workspaces/Engineer_Visual/src/build/hikcamera -- -j20 -l20
[1.433s] Invoking command in '/workspaces/Engineer_Visual/src/build/hikcamera': CMAKE_PREFIX_PATH=${CMAKE_PREFIX_PATH}:/opt/ros/humble /usr/bin/cmake --install /workspaces/Engineer_Visual/src/build/hikcamera
[1.437s] -- Install configuration: ""
[1.437s] -- Installing: /workspaces/Engineer_Visual/src/install/lib
[1.437s] -- Installing: /workspaces/Engineer_Visual/src/install/lib/libMvUsb3vTL.so.4.3.0.3
[1.438s] -- Installing: /workspaces/Engineer_Visual/src/install/lib/MvProducerU3V.cti
[1.438s] -- Installing: /workspaces/Engineer_Visual/src/install/lib/libCLAllSerial_gcc447_v3_0.so
[1.438s] -- Installing: /workspaces/Engineer_Visual/src/install/lib/libMVGigEVisionSDK.so.4.3.0.3
[1.439s] -- Installing: /workspaces/Engineer_Visual/src/install/lib/libMVGigEVisionSDK.so
[1.440s] -- Installing: /workspaces/Engineer_Visual/src/install/lib/libGenCP_gcc447_v3_0.so
[1.440s] -- Installing: /workspaces/Engineer_Visual/src/install/lib/libCLProtocol_gcc447_v3_0.so
[1.441s] -- Installing: /workspaces/Engineer_Visual/src/install/lib/libMVRender.so
[1.442s] -- Installing: /workspaces/Engineer_Visual/src/install/lib/libFormatConversion.so
[1.443s] -- Installing: /workspaces/Engineer_Visual/src/install/lib/libMvCameraControlWrapper.so
[1.443s] -- Installing: /workspaces/Engineer_Visual/src/install/lib/MvFGProducerGEV.cti
[1.444s] -- Installing: /workspaces/Engineer_Visual/src/install/lib/MvFGProducerCML.cti
[1.445s] -- Installing: /workspaces/Engineer_Visual/src/install/lib/MvProducerGEV.cti
[1.445s] -- Installing: /workspaces/Engineer_Visual/src/install/lib/MvFGProducerXoF.cti
[1.446s] -- Installing: /workspaces/Engineer_Visual/src/install/lib/libLog_gcc447_v3_0.so
[1.447s] -- Installing: /workspaces/Engineer_Visual/src/install/lib/liblog4cpp_gcc447_v3_0.so
[1.447s] -- Installing: /workspaces/Engineer_Visual/src/install/lib/libswscale.so
[1.449s] -- Installing: /workspaces/Engineer_Visual/src/install/lib/libMvCameraControlWrapper.so.4.3.0.3
[1.450s] -- Installing: /workspaces/Engineer_Visual/src/install/lib/libMvCamLVision.so
[1.456s] -- Installing: /workspaces/Engineer_Visual/src/install/lib/libMvCameraControl.so
[1.462s] -- Installing: /workspaces/Engineer_Visual/src/install/lib/libMediaProcess.so
[1.465s] -- Installing: /workspaces/Engineer_Visual/src/install/lib/libMVFGControl.so
[1.470s] -- Installing: /workspaces/Engineer_Visual/src/install/lib/libCLSerHvc.so
[1.471s] -- Installing: /workspaces/Engineer_Visual/src/install/lib/MvFGProducerCXP.cti
[1.472s] -- Installing: /workspaces/Engineer_Visual/src/install/lib/libMvCameraControl.so.4.3.0.4
[1.478s] -- Installing: /workspaces/Engineer_Visual/src/install/lib/libavutil.so
[1.481s] -- Installing: /workspaces/Engineer_Visual/src/install/lib/libMvCamLVision.so.4.3.0.3
[1.486s] -- Installing: /workspaces/Engineer_Visual/src/install/lib/libGCBase_gcc447_v3_0.so
[1.487s] -- Installing: /workspaces/Engineer_Visual/src/install/lib/libCLSerCOM.so
[1.487s] -- Installing: /workspaces/Engineer_Visual/src/install/lib/libMvUsb3vTL.so
[1.488s] -- Installing: /workspaces/Engineer_Visual/src/install/include
[1.488s] -- Installing: /workspaces/Engineer_Visual/src/install/include/hikcamera
[1.488s] -- Installing: /workspaces/Engineer_Visual/src/install/include/hikcamera/image_capturer.hpp
[1.488s] -- Installing: /workspaces/Engineer_Visual/src/install/share/hikcamera/environment/library_path.sh
[1.488s] -- Installing: /workspaces/Engineer_Visual/src/install/share/hikcamera/environment/library_path.dsv
[1.488s] -- Installing: /workspaces/Engineer_Visual/src/install/lib/libhikcamera.so
[1.488s] -- Set runtime path of "/workspaces/Engineer_Visual/src/install/lib/libhikcamera.so" to ""
[1.488s] -- Installing: /workspaces/Engineer_Visual/src/install/share/ament_index/resource_index/package_run_dependencies/hikcamera
[1.488s] -- Installing: /workspaces/Engineer_Visual/src/install/share/ament_index/resource_index/parent_prefix_path/hikcamera
[1.488s] -- Installing: /workspaces/Engineer_Visual/src/install/share/hikcamera/environment/ament_prefix_path.sh
[1.488s] -- Installing: /workspaces/Engineer_Visual/src/install/share/hikcamera/environment/ament_prefix_path.dsv
[1.488s] -- Installing: /workspaces/Engineer_Visual/src/install/share/hikcamera/environment/path.sh
[1.488s] -- Installing: /workspaces/Engineer_Visual/src/install/share/hikcamera/environment/path.dsv
[1.488s] -- Installing: /workspaces/Engineer_Visual/src/install/share/hikcamera/local_setup.bash
[1.488s] -- Installing: /workspaces/Engineer_Visual/src/install/share/hikcamera/local_setup.sh
[1.488s] -- Installing: /workspaces/Engineer_Visual/src/install/share/hikcamera/local_setup.zsh
[1.488s] -- Installing: /workspaces/Engineer_Visual/src/install/share/hikcamera/local_setup.dsv
[1.488s] -- Installing: /workspaces/Engineer_Visual/src/install/share/hikcamera/package.dsv
[1.488s] -- Installing: /workspaces/Engineer_Visual/src/install/share/ament_index/resource_index/packages/hikcamera
[1.488s] -- Installing: /workspaces/Engineer_Visual/src/install/share/hikcamera/cmake/ament_cmake_export_dependencies-extras.cmake
[1.488s] -- Installing: /workspaces/Engineer_Visual/src/install/share/hikcamera/cmake/ament_cmake_export_include_directories-extras.cmake
[1.488s] -- Installing: /workspaces/Engineer_Visual/src/install/share/hikcamera/cmake/ament_cmake_export_libraries-extras.cmake
[1.489s] -- Installing: /workspaces/Engineer_Visual/src/install/share/hikcamera/cmake/hikcameraConfig.cmake
[1.489s] -- Installing: /workspaces/Engineer_Visual/src/install/share/hikcamera/cmake/hikcameraConfig-version.cmake
[1.489s] -- Installing: /workspaces/Engineer_Visual/src/install/share/hikcamera/package.xml
[1.490s] Invoked command in '/workspaces/Engineer_Visual/src/build/hikcamera' returned '0': CMAKE_PREFIX_PATH=${CMAKE_PREFIX_PATH}:/opt/ros/humble /usr/bin/cmake --install /workspaces/Engineer_Visual/src/build/hikcamera
