[0.023s] Invoking command in '/workspaces/Engineer_Visual/src/build/hikcamera': CMAKE_PREFIX_PATH=${CMAKE_PREFIX_PATH}:/opt/ros/humble /usr/bin/cmake --build /workspaces/Engineer_Visual/src/build/hikcamera -- -j20 -l20
[0.055s] [100%] Built target hikcamera
[0.061s] Invoked command in '/workspaces/Engineer_Visual/src/build/hikcamera' returned '0': CMAKE_PREFIX_PATH=${CMAKE_PREFIX_PATH}:/opt/ros/humble /usr/bin/cmake --build /workspaces/Engineer_Visual/src/build/hikcamera -- -j20 -l20
[0.080s] Invoking command in '/workspaces/Engineer_Visual/src/build/hikcamera': CMAKE_PREFIX_PATH=${CMAKE_PREFIX_PATH}:/opt/ros/humble /usr/bin/cmake --install /workspaces/Engineer_Visual/src/build/hikcamera
[0.084s] -- Install configuration: ""
[0.084s] -- Up-to-date: /workspaces/Engineer_Visual/src/install/lib
[0.084s] -- Up-to-date: /workspaces/Engineer_Visual/src/install/lib/libMvUsb3vTL.so.4.3.0.3
[0.084s] -- Up-to-date: /workspaces/Engineer_Visual/src/install/lib/MvProducerU3V.cti
[0.084s] -- Up-to-date: /workspaces/Engineer_Visual/src/install/lib/libCLAllSerial_gcc447_v3_0.so
[0.084s] -- Up-to-date: /workspaces/Engineer_Visual/src/install/lib/libMVGigEVisionSDK.so.4.3.0.3
[0.084s] -- Up-to-date: /workspaces/Engineer_Visual/src/install/lib/libMVGigEVisionSDK.so
[0.085s] -- Up-to-date: /workspaces/Engineer_Visual/src/install/lib/libGenCP_gcc447_v3_0.so
[0.085s] -- Up-to-date: /workspaces/Engineer_Visual/src/install/lib/libCLProtocol_gcc447_v3_0.so
[0.085s] -- Up-to-date: /workspaces/Engineer_Visual/src/install/lib/libMVRender.so
[0.085s] -- Up-to-date: /workspaces/Engineer_Visual/src/install/lib/libFormatConversion.so
[0.085s] -- Up-to-date: /workspaces/Engineer_Visual/src/install/lib/libMvCameraControlWrapper.so
[0.085s] -- Up-to-date: /workspaces/Engineer_Visual/src/install/lib/MvFGProducerGEV.cti
[0.085s] -- Up-to-date: /workspaces/Engineer_Visual/src/install/lib/MvFGProducerCML.cti
[0.085s] -- Up-to-date: /workspaces/Engineer_Visual/src/install/lib/MvProducerGEV.cti
[0.085s] -- Up-to-date: /workspaces/Engineer_Visual/src/install/lib/MvFGProducerXoF.cti
[0.085s] -- Up-to-date: /workspaces/Engineer_Visual/src/install/lib/libLog_gcc447_v3_0.so
[0.085s] -- Up-to-date: /workspaces/Engineer_Visual/src/install/lib/liblog4cpp_gcc447_v3_0.so
[0.085s] -- Up-to-date: /workspaces/Engineer_Visual/src/install/lib/libswscale.so
[0.085s] -- Up-to-date: /workspaces/Engineer_Visual/src/install/lib/libMvCameraControlWrapper.so.4.3.0.3
[0.085s] -- Up-to-date: /workspaces/Engineer_Visual/src/install/lib/libMvCamLVision.so
[0.085s] -- Up-to-date: /workspaces/Engineer_Visual/src/install/lib/libMvCameraControl.so
[0.085s] -- Up-to-date: /workspaces/Engineer_Visual/src/install/lib/libMediaProcess.so
[0.085s] -- Up-to-date: /workspaces/Engineer_Visual/src/install/lib/libMVFGControl.so
[0.085s] -- Up-to-date: /workspaces/Engineer_Visual/src/install/lib/libCLSerHvc.so
[0.085s] -- Up-to-date: /workspaces/Engineer_Visual/src/install/lib/MvFGProducerCXP.cti
[0.085s] -- Up-to-date: /workspaces/Engineer_Visual/src/install/lib/libMvCameraControl.so.4.3.0.4
[0.085s] -- Up-to-date: /workspaces/Engineer_Visual/src/install/lib/libavutil.so
[0.085s] -- Up-to-date: /workspaces/Engineer_Visual/src/install/lib/libMvCamLVision.so.4.3.0.3
[0.085s] -- Up-to-date: /workspaces/Engineer_Visual/src/install/lib/libGCBase_gcc447_v3_0.so
[0.085s] -- Up-to-date: /workspaces/Engineer_Visual/src/install/lib/libCLSerCOM.so
[0.085s] -- Up-to-date: /workspaces/Engineer_Visual/src/install/lib/libMvUsb3vTL.so
[0.085s] -- Up-to-date: /workspaces/Engineer_Visual/src/install/include
[0.085s] -- Up-to-date: /workspaces/Engineer_Visual/src/install/include/hikcamera
[0.085s] -- Up-to-date: /workspaces/Engineer_Visual/src/install/include/hikcamera/image_capturer.hpp
[0.085s] -- Up-to-date: /workspaces/Engineer_Visual/src/install/share/hikcamera/environment/library_path.sh
[0.085s] -- Up-to-date: /workspaces/Engineer_Visual/src/install/share/hikcamera/environment/library_path.dsv
[0.085s] -- Up-to-date: /workspaces/Engineer_Visual/src/install/lib/libhikcamera.so
[0.086s] -- Up-to-date: /workspaces/Engineer_Visual/src/install/share/ament_index/resource_index/package_run_dependencies/hikcamera
[0.086s] -- Up-to-date: /workspaces/Engineer_Visual/src/install/share/ament_index/resource_index/parent_prefix_path/hikcamera
[0.086s] -- Up-to-date: /workspaces/Engineer_Visual/src/install/share/hikcamera/environment/ament_prefix_path.sh
[0.086s] -- Up-to-date: /workspaces/Engineer_Visual/src/install/share/hikcamera/environment/ament_prefix_path.dsv
[0.086s] -- Up-to-date: /workspaces/Engineer_Visual/src/install/share/hikcamera/environment/path.sh
[0.086s] -- Up-to-date: /workspaces/Engineer_Visual/src/install/share/hikcamera/environment/path.dsv
[0.086s] -- Up-to-date: /workspaces/Engineer_Visual/src/install/share/hikcamera/local_setup.bash
[0.086s] -- Up-to-date: /workspaces/Engineer_Visual/src/install/share/hikcamera/local_setup.sh
[0.086s] -- Up-to-date: /workspaces/Engineer_Visual/src/install/share/hikcamera/local_setup.zsh
[0.086s] -- Up-to-date: /workspaces/Engineer_Visual/src/install/share/hikcamera/local_setup.dsv
[0.086s] -- Installing: /workspaces/Engineer_Visual/src/install/share/hikcamera/package.dsv
[0.086s] -- Up-to-date: /workspaces/Engineer_Visual/src/install/share/ament_index/resource_index/packages/hikcamera
[0.086s] -- Up-to-date: /workspaces/Engineer_Visual/src/install/share/hikcamera/cmake/ament_cmake_export_dependencies-extras.cmake
[0.086s] -- Up-to-date: /workspaces/Engineer_Visual/src/install/share/hikcamera/cmake/ament_cmake_export_include_directories-extras.cmake
[0.086s] -- Up-to-date: /workspaces/Engineer_Visual/src/install/share/hikcamera/cmake/ament_cmake_export_libraries-extras.cmake
[0.086s] -- Up-to-date: /workspaces/Engineer_Visual/src/install/share/hikcamera/cmake/hikcameraConfig.cmake
[0.086s] -- Up-to-date: /workspaces/Engineer_Visual/src/install/share/hikcamera/cmake/hikcameraConfig-version.cmake
[0.087s] -- Up-to-date: /workspaces/Engineer_Visual/src/install/share/hikcamera/package.xml
[0.087s] Invoked command in '/workspaces/Engineer_Visual/src/build/hikcamera' returned '0': CMAKE_PREFIX_PATH=${CMAKE_PREFIX_PATH}:/opt/ros/humble /usr/bin/cmake --install /workspaces/Engineer_Visual/src/build/hikcamera
