[0.349s] DEBUG:colcon:Command line arguments: ['/usr/bin/colcon', 'build', '--merge-install']
[0.349s] DEBUG:colcon:Parsed command line arguments: Namespace(log_base=None, log_level=None, verb_name='build', build_base='build', install_base='install', merge_install=True, symlink_install=False, test_result_base=None, continue_on_error=False, executor='parallel', parallel_workers=20, event_handlers=None, ignore_user_meta=False, metas=['./colcon.meta'], base_paths=['.'], packages_ignore=None, packages_ignore_regex=None, paths=None, packages_up_to=None, packages_up_to_regex=None, packages_above=None, packages_above_and_dependencies=None, packages_above_depth=None, packages_select_by_dep=None, packages_skip_by_dep=None, packages_skip_up_to=None, packages_select_build_failed=False, packages_skip_build_finished=False, packages_select_test_failures=False, packages_skip_test_passed=False, packages_select=None, packages_skip=None, packages_select_regex=None, packages_skip_regex=None, packages_start=None, packages_end=None, cmake_args=None, cmake_target=None, cmake_target_skip_unavailable=False, cmake_clean_cache=False, cmake_clean_first=False, cmake_force_configure=False, ament_cmake_args=None, catkin_cmake_args=None, catkin_skip_building_tests=False, mixin_files=None, mixin=None, verb_parser=<colcon_mixin.mixin.mixin_argument.MixinArgumentDecorator object at 0x7b347f4360e0>, verb_extension=<colcon_core.verb.build.BuildVerb object at 0x7b347f435300>, main=<bound method BuildVerb.main of <colcon_core.verb.build.BuildVerb object at 0x7b347f435300>>, mixin_verb=('build',))
[0.367s] Level 1:colcon.colcon_core.package_discovery:discover_packages(colcon_meta) check parameters
[0.367s] INFO:colcon.colcon_metadata.package_discovery.colcon_meta:Using configuration from '/root/.colcon/metadata/default/Gazebo.meta'
[0.368s] INFO:colcon.colcon_metadata.package_discovery.colcon_meta:Using configuration from '/root/.colcon/metadata/default/fastrtps.meta'
[0.368s] Level 1:colcon.colcon_core.package_discovery:discover_packages(recursive) check parameters
[0.368s] Level 1:colcon.colcon_core.package_discovery:discover_packages(ignore) check parameters
[0.368s] Level 1:colcon.colcon_core.package_discovery:discover_packages(path) check parameters
[0.368s] Level 1:colcon.colcon_core.package_discovery:discover_packages(colcon_meta) discover
[0.368s] Level 1:colcon.colcon_core.package_discovery:discover_packages(recursive) discover
[0.368s] INFO:colcon.colcon_core.package_discovery:Crawling recursively for packages in '/workspaces/Engineer_Visual/src'
[0.368s] Level 1:colcon.colcon_core.package_identification:_identify(.) by extensions ['ignore', 'ignore_ament_install']
[0.368s] Level 1:colcon.colcon_core.package_identification:_identify(.) by extension 'ignore'
[0.368s] Level 1:colcon.colcon_core.package_identification:_identify(.) by extension 'ignore_ament_install'
[0.368s] Level 1:colcon.colcon_core.package_identification:_identify(.) by extensions ['colcon_pkg']
[0.368s] Level 1:colcon.colcon_core.package_identification:_identify(.) by extension 'colcon_pkg'
[0.368s] Level 1:colcon.colcon_core.package_identification:_identify(.) by extensions ['colcon_meta']
[0.368s] Level 1:colcon.colcon_core.package_identification:_identify(.) by extension 'colcon_meta'
[0.368s] Level 1:colcon.colcon_core.package_identification:_identify(.) by extensions ['ros']
[0.368s] Level 1:colcon.colcon_core.package_identification:_identify(.) by extension 'ros'
[0.374s] Level 1:colcon.colcon_core.package_identification:_identify(.) by extensions ['cmake', 'python']
[0.374s] Level 1:colcon.colcon_core.package_identification:_identify(.) by extension 'cmake'
[0.374s] Level 1:colcon.colcon_core.package_identification:_identify(.) by extension 'python'
[0.374s] Level 1:colcon.colcon_core.package_identification:_identify(.) by extensions ['python_setup_py']
[0.374s] Level 1:colcon.colcon_core.package_identification:_identify(.) by extension 'python_setup_py'
[0.374s] Level 1:colcon.colcon_core.package_identification:_identify(MvFGSdkLog) by extensions ['ignore', 'ignore_ament_install']
[0.374s] Level 1:colcon.colcon_core.package_identification:_identify(MvFGSdkLog) by extension 'ignore'
[0.374s] Level 1:colcon.colcon_core.package_identification:_identify(MvFGSdkLog) by extension 'ignore_ament_install'
[0.374s] Level 1:colcon.colcon_core.package_identification:_identify(MvFGSdkLog) by extensions ['colcon_pkg']
[0.374s] Level 1:colcon.colcon_core.package_identification:_identify(MvFGSdkLog) by extension 'colcon_pkg'
[0.374s] Level 1:colcon.colcon_core.package_identification:_identify(MvFGSdkLog) by extensions ['colcon_meta']
[0.374s] Level 1:colcon.colcon_core.package_identification:_identify(MvFGSdkLog) by extension 'colcon_meta'
[0.374s] Level 1:colcon.colcon_core.package_identification:_identify(MvFGSdkLog) by extensions ['ros']
[0.374s] Level 1:colcon.colcon_core.package_identification:_identify(MvFGSdkLog) by extension 'ros'
[0.374s] Level 1:colcon.colcon_core.package_identification:_identify(MvFGSdkLog) by extensions ['cmake', 'python']
[0.374s] Level 1:colcon.colcon_core.package_identification:_identify(MvFGSdkLog) by extension 'cmake'
[0.374s] Level 1:colcon.colcon_core.package_identification:_identify(MvFGSdkLog) by extension 'python'
[0.374s] Level 1:colcon.colcon_core.package_identification:_identify(MvFGSdkLog) by extensions ['python_setup_py']
[0.374s] Level 1:colcon.colcon_core.package_identification:_identify(MvFGSdkLog) by extension 'python_setup_py'
[0.375s] Level 1:colcon.colcon_core.package_identification:_identify(MvSdkLog) by extensions ['ignore', 'ignore_ament_install']
[0.375s] Level 1:colcon.colcon_core.package_identification:_identify(MvSdkLog) by extension 'ignore'
[0.375s] Level 1:colcon.colcon_core.package_identification:_identify(MvSdkLog) by extension 'ignore_ament_install'
[0.375s] Level 1:colcon.colcon_core.package_identification:_identify(MvSdkLog) by extensions ['colcon_pkg']
[0.375s] Level 1:colcon.colcon_core.package_identification:_identify(MvSdkLog) by extension 'colcon_pkg'
[0.375s] Level 1:colcon.colcon_core.package_identification:_identify(MvSdkLog) by extensions ['colcon_meta']
[0.375s] Level 1:colcon.colcon_core.package_identification:_identify(MvSdkLog) by extension 'colcon_meta'
[0.375s] Level 1:colcon.colcon_core.package_identification:_identify(MvSdkLog) by extensions ['ros']
[0.375s] Level 1:colcon.colcon_core.package_identification:_identify(MvSdkLog) by extension 'ros'
[0.375s] Level 1:colcon.colcon_core.package_identification:_identify(MvSdkLog) by extensions ['cmake', 'python']
[0.375s] Level 1:colcon.colcon_core.package_identification:_identify(MvSdkLog) by extension 'cmake'
[0.375s] Level 1:colcon.colcon_core.package_identification:_identify(MvSdkLog) by extension 'python'
[0.375s] Level 1:colcon.colcon_core.package_identification:_identify(MvSdkLog) by extensions ['python_setup_py']
[0.375s] Level 1:colcon.colcon_core.package_identification:_identify(MvSdkLog) by extension 'python_setup_py'
[0.375s] Level 1:colcon.colcon_core.package_identification:_identify(build) by extensions ['ignore', 'ignore_ament_install']
[0.375s] Level 1:colcon.colcon_core.package_identification:_identify(build) by extension 'ignore'
[0.375s] Level 1:colcon.colcon_core.package_identification:_identify(build) ignored
[0.375s] Level 1:colcon.colcon_core.package_identification:_identify(install) by extensions ['ignore', 'ignore_ament_install']
[0.375s] Level 1:colcon.colcon_core.package_identification:_identify(install) by extension 'ignore'
[0.375s] Level 1:colcon.colcon_core.package_identification:_identify(install) ignored
[0.375s] Level 1:colcon.colcon_core.package_identification:_identify(log) by extensions ['ignore', 'ignore_ament_install']
[0.375s] Level 1:colcon.colcon_core.package_identification:_identify(log) by extension 'ignore'
[0.375s] Level 1:colcon.colcon_core.package_identification:_identify(log) ignored
[0.375s] Level 1:colcon.colcon_core.package_identification:_identify(ros2-hikcamera) by extensions ['ignore', 'ignore_ament_install']
[0.375s] Level 1:colcon.colcon_core.package_identification:_identify(ros2-hikcamera) by extension 'ignore'
[0.375s] Level 1:colcon.colcon_core.package_identification:_identify(ros2-hikcamera) by extension 'ignore_ament_install'
[0.375s] Level 1:colcon.colcon_core.package_identification:_identify(ros2-hikcamera) by extensions ['colcon_pkg']
[0.375s] Level 1:colcon.colcon_core.package_identification:_identify(ros2-hikcamera) by extension 'colcon_pkg'
[0.375s] Level 1:colcon.colcon_core.package_identification:_identify(ros2-hikcamera) by extensions ['colcon_meta']
[0.375s] Level 1:colcon.colcon_core.package_identification:_identify(ros2-hikcamera) by extension 'colcon_meta'
[0.375s] Level 1:colcon.colcon_core.package_identification:_identify(ros2-hikcamera) by extensions ['ros']
[0.375s] Level 1:colcon.colcon_core.package_identification:_identify(ros2-hikcamera) by extension 'ros'
[0.377s] DEBUG:colcon.colcon_core.package_identification:Package 'ros2-hikcamera' with type 'ros.ament_cmake' and name 'hikcamera'
[0.377s] Level 1:colcon.colcon_core.package_identification:_identify(visual_exchange) by extensions ['ignore', 'ignore_ament_install']
[0.377s] Level 1:colcon.colcon_core.package_identification:_identify(visual_exchange) by extension 'ignore'
[0.377s] Level 1:colcon.colcon_core.package_identification:_identify(visual_exchange) by extension 'ignore_ament_install'
[0.377s] Level 1:colcon.colcon_core.package_identification:_identify(visual_exchange) by extensions ['colcon_pkg']
[0.377s] Level 1:colcon.colcon_core.package_identification:_identify(visual_exchange) by extension 'colcon_pkg'
[0.377s] Level 1:colcon.colcon_core.package_identification:_identify(visual_exchange) by extensions ['colcon_meta']
[0.377s] Level 1:colcon.colcon_core.package_identification:_identify(visual_exchange) by extension 'colcon_meta'
[0.377s] Level 1:colcon.colcon_core.package_identification:_identify(visual_exchange) by extensions ['ros']
[0.377s] Level 1:colcon.colcon_core.package_identification:_identify(visual_exchange) by extension 'ros'
[0.377s] DEBUG:colcon.colcon_core.package_identification:Package 'visual_exchange' with type 'ros.ament_cmake' and name 'visual_exchange'
[0.377s] Level 1:colcon.colcon_core.package_discovery:discover_packages(recursive) using defaults
[0.377s] Level 1:colcon.colcon_core.package_discovery:discover_packages(ignore) discover
[0.377s] Level 1:colcon.colcon_core.package_discovery:discover_packages(ignore) using defaults
[0.377s] Level 1:colcon.colcon_core.package_discovery:discover_packages(path) discover
[0.378s] Level 1:colcon.colcon_core.package_discovery:discover_packages(path) using defaults
[0.403s] Level 5:colcon.colcon_core.verb:set package 'hikcamera' build argument 'cmake_args' from command line to 'None'
[0.403s] Level 5:colcon.colcon_core.verb:set package 'hikcamera' build argument 'cmake_target' from command line to 'None'
[0.403s] Level 5:colcon.colcon_core.verb:set package 'hikcamera' build argument 'cmake_target_skip_unavailable' from command line to 'False'
[0.403s] Level 5:colcon.colcon_core.verb:set package 'hikcamera' build argument 'cmake_clean_cache' from command line to 'False'
[0.403s] Level 5:colcon.colcon_core.verb:set package 'hikcamera' build argument 'cmake_clean_first' from command line to 'False'
[0.403s] Level 5:colcon.colcon_core.verb:set package 'hikcamera' build argument 'cmake_force_configure' from command line to 'False'
[0.403s] Level 5:colcon.colcon_core.verb:set package 'hikcamera' build argument 'ament_cmake_args' from command line to 'None'
[0.403s] Level 5:colcon.colcon_core.verb:set package 'hikcamera' build argument 'catkin_cmake_args' from command line to 'None'
[0.403s] Level 5:colcon.colcon_core.verb:set package 'hikcamera' build argument 'catkin_skip_building_tests' from command line to 'False'
[0.403s] DEBUG:colcon.colcon_core.verb:Building package 'hikcamera' with the following arguments: {'ament_cmake_args': None, 'build_base': '/workspaces/Engineer_Visual/src/build/hikcamera', 'catkin_cmake_args': None, 'catkin_skip_building_tests': False, 'cmake_args': None, 'cmake_clean_cache': False, 'cmake_clean_first': False, 'cmake_force_configure': False, 'cmake_target': None, 'cmake_target_skip_unavailable': False, 'install_base': '/workspaces/Engineer_Visual/src/install', 'merge_install': True, 'path': '/workspaces/Engineer_Visual/src/ros2-hikcamera', 'symlink_install': False, 'test_result_base': None}
[0.407s] Level 5:colcon.colcon_core.verb:set package 'visual_exchange' build argument 'cmake_args' from command line to 'None'
[0.407s] Level 5:colcon.colcon_core.verb:set package 'visual_exchange' build argument 'cmake_target' from command line to 'None'
[0.407s] Level 5:colcon.colcon_core.verb:set package 'visual_exchange' build argument 'cmake_target_skip_unavailable' from command line to 'False'
[0.407s] Level 5:colcon.colcon_core.verb:set package 'visual_exchange' build argument 'cmake_clean_cache' from command line to 'False'
[0.407s] Level 5:colcon.colcon_core.verb:set package 'visual_exchange' build argument 'cmake_clean_first' from command line to 'False'
[0.407s] Level 5:colcon.colcon_core.verb:set package 'visual_exchange' build argument 'cmake_force_configure' from command line to 'False'
[0.407s] Level 5:colcon.colcon_core.verb:set package 'visual_exchange' build argument 'ament_cmake_args' from command line to 'None'
[0.407s] Level 5:colcon.colcon_core.verb:set package 'visual_exchange' build argument 'catkin_cmake_args' from command line to 'None'
[0.407s] Level 5:colcon.colcon_core.verb:set package 'visual_exchange' build argument 'catkin_skip_building_tests' from command line to 'False'
[0.407s] DEBUG:colcon.colcon_core.verb:Building package 'visual_exchange' with the following arguments: {'ament_cmake_args': None, 'build_base': '/workspaces/Engineer_Visual/src/build/visual_exchange', 'catkin_cmake_args': None, 'catkin_skip_building_tests': False, 'cmake_args': None, 'cmake_clean_cache': False, 'cmake_clean_first': False, 'cmake_force_configure': False, 'cmake_target': None, 'cmake_target_skip_unavailable': False, 'install_base': '/workspaces/Engineer_Visual/src/install', 'merge_install': True, 'path': '/workspaces/Engineer_Visual/src/visual_exchange', 'symlink_install': False, 'test_result_base': None}
[0.411s] INFO:colcon.colcon_core.executor:Executing jobs using 'parallel' executor
[0.415s] DEBUG:colcon.colcon_parallel_executor.executor.parallel:run_until_complete
[0.415s] INFO:colcon.colcon_ros.task.ament_cmake.build:Building ROS package in '/workspaces/Engineer_Visual/src/ros2-hikcamera' with build type 'ament_cmake'
[0.415s] INFO:colcon.colcon_cmake.task.cmake.build:Building CMake package in '/workspaces/Engineer_Visual/src/ros2-hikcamera'
[0.420s] INFO:colcon.colcon_core.plugin_system:Skipping extension 'colcon_core.shell.bat': Not used on non-Windows systems
[0.420s] INFO:colcon.colcon_core.shell:Skip shell extension 'powershell' for command environment: Not usable outside of PowerShell
[0.420s] DEBUG:colcon.colcon_core.shell:Skip shell extension 'dsv' for command environment
[0.437s] DEBUG:colcon.colcon_core.event_handler.log_command:Invoking command in '/workspaces/Engineer_Visual/src/build/hikcamera': CMAKE_PREFIX_PATH=${CMAKE_PREFIX_PATH}:/opt/ros/humble /usr/bin/cmake --build /workspaces/Engineer_Visual/src/build/hikcamera -- -j20 -l20
[0.478s] DEBUG:colcon.colcon_core.event_handler.log_command:Invoked command in '/workspaces/Engineer_Visual/src/build/hikcamera' returned '0': CMAKE_PREFIX_PATH=${CMAKE_PREFIX_PATH}:/opt/ros/humble /usr/bin/cmake --build /workspaces/Engineer_Visual/src/build/hikcamera -- -j20 -l20
[0.496s] DEBUG:colcon.colcon_core.event_handler.log_command:Invoking command in '/workspaces/Engineer_Visual/src/build/hikcamera': CMAKE_PREFIX_PATH=${CMAKE_PREFIX_PATH}:/opt/ros/humble /usr/bin/cmake --install /workspaces/Engineer_Visual/src/build/hikcamera
[0.504s] Level 1:colcon.colcon_core.environment:create_environment_scripts_only(hikcamera)
[0.504s] DEBUG:colcon.colcon_core.event_handler.log_command:Invoked command in '/workspaces/Engineer_Visual/src/build/hikcamera' returned '0': CMAKE_PREFIX_PATH=${CMAKE_PREFIX_PATH}:/opt/ros/humble /usr/bin/cmake --install /workspaces/Engineer_Visual/src/build/hikcamera
[0.509s] Level 1:colcon.colcon_core.environment:checking '/workspaces/Engineer_Visual/src/install' for CMake module files
[0.510s] Level 1:colcon.colcon_core.environment:checking '/workspaces/Engineer_Visual/src/install' for CMake config files
[0.510s] Level 1:colcon.colcon_core.shell:create_environment_hook('hikcamera', 'cmake_prefix_path')
[0.514s] INFO:colcon.colcon_core.shell:Creating environment hook '/workspaces/Engineer_Visual/src/install/share/hikcamera/hook/cmake_prefix_path.ps1'
[0.514s] INFO:colcon.colcon_core.shell:Creating environment descriptor '/workspaces/Engineer_Visual/src/install/share/hikcamera/hook/cmake_prefix_path.dsv'
[0.514s] INFO:colcon.colcon_core.shell:Creating environment hook '/workspaces/Engineer_Visual/src/install/share/hikcamera/hook/cmake_prefix_path.sh'
[0.515s] Level 1:colcon.colcon_core.environment:checking '/workspaces/Engineer_Visual/src/install/lib'
[0.515s] Level 1:colcon.colcon_core.shell:create_environment_hook('hikcamera', 'ld_library_path_lib')
[0.519s] INFO:colcon.colcon_core.shell:Creating environment hook '/workspaces/Engineer_Visual/src/install/share/hikcamera/hook/ld_library_path_lib.ps1'
[0.519s] INFO:colcon.colcon_core.shell:Creating environment descriptor '/workspaces/Engineer_Visual/src/install/share/hikcamera/hook/ld_library_path_lib.dsv'
[0.519s] INFO:colcon.colcon_core.shell:Creating environment hook '/workspaces/Engineer_Visual/src/install/share/hikcamera/hook/ld_library_path_lib.sh'
[0.519s] Level 1:colcon.colcon_core.environment:checking '/workspaces/Engineer_Visual/src/install/bin'
[0.519s] Level 1:colcon.colcon_core.environment:checking '/workspaces/Engineer_Visual/src/install/lib/pkgconfig/hikcamera.pc'
[0.520s] Level 1:colcon.colcon_core.environment:checking '/workspaces/Engineer_Visual/src/install/lib/python3.10/site-packages'
[0.521s] Level 1:colcon.colcon_core.environment:checking '/workspaces/Engineer_Visual/src/install/bin'
[0.524s] INFO:colcon.colcon_core.shell:Creating package script '/workspaces/Engineer_Visual/src/install/share/hikcamera/package.ps1'
[0.525s] INFO:colcon.colcon_core.shell:Creating package descriptor '/workspaces/Engineer_Visual/src/install/share/hikcamera/package.dsv'
[0.525s] INFO:colcon.colcon_core.shell:Creating package script '/workspaces/Engineer_Visual/src/install/share/hikcamera/package.sh'
[0.525s] INFO:colcon.colcon_core.shell:Creating package script '/workspaces/Engineer_Visual/src/install/share/hikcamera/package.bash'
[0.526s] INFO:colcon.colcon_core.shell:Creating package script '/workspaces/Engineer_Visual/src/install/share/hikcamera/package.zsh'
[0.526s] Level 1:colcon.colcon_core.environment:create_file_with_runtime_dependencies(/workspaces/Engineer_Visual/src/install/share/colcon-core/packages/hikcamera)
[0.544s] Level 1:colcon.colcon_core.environment:create_environment_scripts_only(hikcamera)
[0.548s] Level 1:colcon.colcon_core.environment:checking '/workspaces/Engineer_Visual/src/install' for CMake module files
[0.548s] Level 1:colcon.colcon_core.environment:checking '/workspaces/Engineer_Visual/src/install' for CMake config files
[0.549s] Level 1:colcon.colcon_core.shell:create_environment_hook('hikcamera', 'cmake_prefix_path')
[0.552s] INFO:colcon.colcon_core.shell:Creating environment hook '/workspaces/Engineer_Visual/src/install/share/hikcamera/hook/cmake_prefix_path.ps1'
[0.552s] INFO:colcon.colcon_core.shell:Creating environment descriptor '/workspaces/Engineer_Visual/src/install/share/hikcamera/hook/cmake_prefix_path.dsv'
[0.553s] INFO:colcon.colcon_core.shell:Creating environment hook '/workspaces/Engineer_Visual/src/install/share/hikcamera/hook/cmake_prefix_path.sh'
[0.553s] Level 1:colcon.colcon_core.environment:checking '/workspaces/Engineer_Visual/src/install/lib'
[0.553s] Level 1:colcon.colcon_core.shell:create_environment_hook('hikcamera', 'ld_library_path_lib')
[0.556s] INFO:colcon.colcon_core.shell:Creating environment hook '/workspaces/Engineer_Visual/src/install/share/hikcamera/hook/ld_library_path_lib.ps1'
[0.557s] INFO:colcon.colcon_core.shell:Creating environment descriptor '/workspaces/Engineer_Visual/src/install/share/hikcamera/hook/ld_library_path_lib.dsv'
[0.557s] INFO:colcon.colcon_core.shell:Creating environment hook '/workspaces/Engineer_Visual/src/install/share/hikcamera/hook/ld_library_path_lib.sh'
[0.557s] Level 1:colcon.colcon_core.environment:checking '/workspaces/Engineer_Visual/src/install/bin'
[0.557s] Level 1:colcon.colcon_core.environment:checking '/workspaces/Engineer_Visual/src/install/lib/pkgconfig/hikcamera.pc'
[0.557s] Level 1:colcon.colcon_core.environment:checking '/workspaces/Engineer_Visual/src/install/lib/python3.10/site-packages'
[0.557s] Level 1:colcon.colcon_core.environment:checking '/workspaces/Engineer_Visual/src/install/bin'
[0.561s] INFO:colcon.colcon_core.shell:Creating package script '/workspaces/Engineer_Visual/src/install/share/hikcamera/package.ps1'
[0.561s] INFO:colcon.colcon_core.shell:Creating package descriptor '/workspaces/Engineer_Visual/src/install/share/hikcamera/package.dsv'
[0.561s] INFO:colcon.colcon_core.shell:Creating package script '/workspaces/Engineer_Visual/src/install/share/hikcamera/package.sh'
[0.562s] INFO:colcon.colcon_core.shell:Creating package script '/workspaces/Engineer_Visual/src/install/share/hikcamera/package.bash'
[0.562s] INFO:colcon.colcon_core.shell:Creating package script '/workspaces/Engineer_Visual/src/install/share/hikcamera/package.zsh'
[0.562s] Level 1:colcon.colcon_core.environment:create_file_with_runtime_dependencies(/workspaces/Engineer_Visual/src/install/share/colcon-core/packages/hikcamera)
[0.562s] INFO:colcon.colcon_ros.task.ament_cmake.build:Building ROS package in '/workspaces/Engineer_Visual/src/visual_exchange' with build type 'ament_cmake'
[0.562s] INFO:colcon.colcon_cmake.task.cmake.build:Building CMake package in '/workspaces/Engineer_Visual/src/visual_exchange'
[0.566s] INFO:colcon.colcon_core.shell:Skip shell extension 'powershell' for command environment: Not usable outside of PowerShell
[0.566s] DEBUG:colcon.colcon_core.shell:Skip shell extension 'dsv' for command environment
[0.584s] DEBUG:colcon.colcon_core.event_handler.log_command:Invoking command in '/workspaces/Engineer_Visual/src/build/visual_exchange': CMAKE_PREFIX_PATH=${CMAKE_PREFIX_PATH}:/opt/ros/humble /usr/bin/cmake --build /workspaces/Engineer_Visual/src/build/visual_exchange -- -j20 -l20
[0.630s] DEBUG:colcon.colcon_core.event_handler.log_command:Invoked command in '/workspaces/Engineer_Visual/src/build/visual_exchange' returned '0': CMAKE_PREFIX_PATH=${CMAKE_PREFIX_PATH}:/opt/ros/humble /usr/bin/cmake --build /workspaces/Engineer_Visual/src/build/visual_exchange -- -j20 -l20
[0.646s] DEBUG:colcon.colcon_core.event_handler.log_command:Invoking command in '/workspaces/Engineer_Visual/src/build/visual_exchange': CMAKE_PREFIX_PATH=${CMAKE_PREFIX_PATH}:/opt/ros/humble /usr/bin/cmake --install /workspaces/Engineer_Visual/src/build/visual_exchange
[0.651s] Level 1:colcon.colcon_core.environment:create_environment_scripts_only(visual_exchange)
[0.651s] DEBUG:colcon.colcon_core.event_handler.log_command:Invoked command in '/workspaces/Engineer_Visual/src/build/visual_exchange' returned '0': CMAKE_PREFIX_PATH=${CMAKE_PREFIX_PATH}:/opt/ros/humble /usr/bin/cmake --install /workspaces/Engineer_Visual/src/build/visual_exchange
[0.655s] Level 1:colcon.colcon_core.environment:checking '/workspaces/Engineer_Visual/src/install' for CMake module files
[0.656s] Level 1:colcon.colcon_core.environment:checking '/workspaces/Engineer_Visual/src/install' for CMake config files
[0.656s] Level 1:colcon.colcon_core.shell:create_environment_hook('visual_exchange', 'cmake_prefix_path')
[0.660s] INFO:colcon.colcon_core.shell:Creating environment hook '/workspaces/Engineer_Visual/src/install/share/visual_exchange/hook/cmake_prefix_path.ps1'
[0.660s] INFO:colcon.colcon_core.shell:Creating environment descriptor '/workspaces/Engineer_Visual/src/install/share/visual_exchange/hook/cmake_prefix_path.dsv'
[0.660s] INFO:colcon.colcon_core.shell:Creating environment hook '/workspaces/Engineer_Visual/src/install/share/visual_exchange/hook/cmake_prefix_path.sh'
[0.660s] Level 1:colcon.colcon_core.environment:checking '/workspaces/Engineer_Visual/src/install/lib'
[0.660s] Level 1:colcon.colcon_core.shell:create_environment_hook('visual_exchange', 'ld_library_path_lib')
[0.664s] INFO:colcon.colcon_core.shell:Creating environment hook '/workspaces/Engineer_Visual/src/install/share/visual_exchange/hook/ld_library_path_lib.ps1'
[0.664s] INFO:colcon.colcon_core.shell:Creating environment descriptor '/workspaces/Engineer_Visual/src/install/share/visual_exchange/hook/ld_library_path_lib.dsv'
[0.664s] INFO:colcon.colcon_core.shell:Creating environment hook '/workspaces/Engineer_Visual/src/install/share/visual_exchange/hook/ld_library_path_lib.sh'
[0.665s] Level 1:colcon.colcon_core.environment:checking '/workspaces/Engineer_Visual/src/install/bin'
[0.665s] Level 1:colcon.colcon_core.environment:checking '/workspaces/Engineer_Visual/src/install/lib/pkgconfig/visual_exchange.pc'
[0.665s] Level 1:colcon.colcon_core.environment:checking '/workspaces/Engineer_Visual/src/install/lib/python3.10/site-packages'
[0.665s] Level 1:colcon.colcon_core.environment:checking '/workspaces/Engineer_Visual/src/install/bin'
[0.668s] INFO:colcon.colcon_core.shell:Creating package script '/workspaces/Engineer_Visual/src/install/share/visual_exchange/package.ps1'
[0.669s] INFO:colcon.colcon_core.shell:Creating package descriptor '/workspaces/Engineer_Visual/src/install/share/visual_exchange/package.dsv'
[0.669s] INFO:colcon.colcon_core.shell:Creating package script '/workspaces/Engineer_Visual/src/install/share/visual_exchange/package.sh'
[0.669s] INFO:colcon.colcon_core.shell:Creating package script '/workspaces/Engineer_Visual/src/install/share/visual_exchange/package.bash'
[0.669s] INFO:colcon.colcon_core.shell:Creating package script '/workspaces/Engineer_Visual/src/install/share/visual_exchange/package.zsh'
[0.669s] Level 1:colcon.colcon_core.environment:create_file_with_runtime_dependencies(/workspaces/Engineer_Visual/src/install/share/colcon-core/packages/visual_exchange)
[0.688s] Level 1:colcon.colcon_core.environment:create_environment_scripts_only(visual_exchange)
[0.692s] Level 1:colcon.colcon_core.environment:checking '/workspaces/Engineer_Visual/src/install' for CMake module files
[0.692s] Level 1:colcon.colcon_core.environment:checking '/workspaces/Engineer_Visual/src/install' for CMake config files
[0.692s] Level 1:colcon.colcon_core.shell:create_environment_hook('visual_exchange', 'cmake_prefix_path')
[0.696s] INFO:colcon.colcon_core.shell:Creating environment hook '/workspaces/Engineer_Visual/src/install/share/visual_exchange/hook/cmake_prefix_path.ps1'
[0.696s] INFO:colcon.colcon_core.shell:Creating environment descriptor '/workspaces/Engineer_Visual/src/install/share/visual_exchange/hook/cmake_prefix_path.dsv'
[0.696s] INFO:colcon.colcon_core.shell:Creating environment hook '/workspaces/Engineer_Visual/src/install/share/visual_exchange/hook/cmake_prefix_path.sh'
[0.697s] Level 1:colcon.colcon_core.environment:checking '/workspaces/Engineer_Visual/src/install/lib'
[0.697s] Level 1:colcon.colcon_core.shell:create_environment_hook('visual_exchange', 'ld_library_path_lib')
[0.700s] INFO:colcon.colcon_core.shell:Creating environment hook '/workspaces/Engineer_Visual/src/install/share/visual_exchange/hook/ld_library_path_lib.ps1'
[0.700s] INFO:colcon.colcon_core.shell:Creating environment descriptor '/workspaces/Engineer_Visual/src/install/share/visual_exchange/hook/ld_library_path_lib.dsv'
[0.700s] INFO:colcon.colcon_core.shell:Creating environment hook '/workspaces/Engineer_Visual/src/install/share/visual_exchange/hook/ld_library_path_lib.sh'
[0.701s] Level 1:colcon.colcon_core.environment:checking '/workspaces/Engineer_Visual/src/install/bin'
[0.701s] Level 1:colcon.colcon_core.environment:checking '/workspaces/Engineer_Visual/src/install/lib/pkgconfig/visual_exchange.pc'
[0.701s] Level 1:colcon.colcon_core.environment:checking '/workspaces/Engineer_Visual/src/install/lib/python3.10/site-packages'
[0.701s] Level 1:colcon.colcon_core.environment:checking '/workspaces/Engineer_Visual/src/install/bin'
[0.704s] INFO:colcon.colcon_core.shell:Creating package script '/workspaces/Engineer_Visual/src/install/share/visual_exchange/package.ps1'
[0.705s] INFO:colcon.colcon_core.shell:Creating package descriptor '/workspaces/Engineer_Visual/src/install/share/visual_exchange/package.dsv'
[0.705s] INFO:colcon.colcon_core.shell:Creating package script '/workspaces/Engineer_Visual/src/install/share/visual_exchange/package.sh'
[0.705s] INFO:colcon.colcon_core.shell:Creating package script '/workspaces/Engineer_Visual/src/install/share/visual_exchange/package.bash'
[0.705s] INFO:colcon.colcon_core.shell:Creating package script '/workspaces/Engineer_Visual/src/install/share/visual_exchange/package.zsh'
[0.705s] Level 1:colcon.colcon_core.environment:create_file_with_runtime_dependencies(/workspaces/Engineer_Visual/src/install/share/colcon-core/packages/visual_exchange)
[0.705s] DEBUG:colcon.colcon_parallel_executor.executor.parallel:closing loop
[0.705s] DEBUG:colcon.colcon_parallel_executor.executor.parallel:loop closed
[0.705s] DEBUG:colcon.colcon_parallel_executor.executor.parallel:run_until_complete finished with '0'
[0.706s] DEBUG:colcon.colcon_core.event_reactor:joining thread
[0.712s] INFO:colcon.colcon_core.plugin_system:Skipping extension 'colcon_notification.desktop_notification.notify_send': Could not find 'notify-send'
[0.712s] INFO:colcon.colcon_core.plugin_system:Skipping extension 'colcon_notification.desktop_notification.terminal_notifier': Not used on non-Darwin systems
[0.713s] INFO:colcon.colcon_core.plugin_system:Skipping extension 'colcon_notification.desktop_notification.win32': Not used on non-Windows systems
[0.713s] INFO:colcon.colcon_notification.desktop_notification:Sending desktop notification using 'notify2'
[0.714s] DEBUG:colcon.colcon_notification.desktop_notification.notify2:Failed to initialize notify2: org.freedesktop.DBus.Error.Spawn.ExecFailed: /usr/bin/dbus-launch terminated abnormally without any error message
[0.714s] DEBUG:colcon.colcon_core.event_reactor:joined thread
[0.719s] INFO:colcon.colcon_core.shell:Creating prefix script '/workspaces/Engineer_Visual/src/install/local_setup.ps1'
[0.719s] INFO:colcon.colcon_core.shell:Creating prefix util module '/workspaces/Engineer_Visual/src/install/_local_setup_util_ps1.py'
[0.720s] INFO:colcon.colcon_core.shell:Creating prefix chain script '/workspaces/Engineer_Visual/src/install/setup.ps1'
[0.725s] INFO:colcon.colcon_core.shell:Creating prefix script '/workspaces/Engineer_Visual/src/install/local_setup.sh'
[0.725s] INFO:colcon.colcon_core.shell:Creating prefix util module '/workspaces/Engineer_Visual/src/install/_local_setup_util_sh.py'
[0.725s] INFO:colcon.colcon_core.shell:Creating prefix chain script '/workspaces/Engineer_Visual/src/install/setup.sh'
[0.730s] INFO:colcon.colcon_core.shell:Creating prefix script '/workspaces/Engineer_Visual/src/install/local_setup.bash'
[0.731s] INFO:colcon.colcon_core.shell:Creating prefix chain script '/workspaces/Engineer_Visual/src/install/setup.bash'
[0.735s] INFO:colcon.colcon_core.shell:Creating prefix script '/workspaces/Engineer_Visual/src/install/local_setup.zsh'
[0.735s] INFO:colcon.colcon_core.shell:Creating prefix chain script '/workspaces/Engineer_Visual/src/install/setup.zsh'
