[100%] Built target hikcamera
-- Install configuration: ""
-- Up-to-date: /workspaces/Engineer_Visual/src/install/lib
-- Up-to-date: /workspaces/Engineer_Visual/src/install/lib/libMvUsb3vTL.so.4.3.0.3
-- Up-to-date: /workspaces/Engineer_Visual/src/install/lib/MvProducerU3V.cti
-- Up-to-date: /workspaces/Engineer_Visual/src/install/lib/libCLAllSerial_gcc447_v3_0.so
-- Up-to-date: /workspaces/Engineer_Visual/src/install/lib/libMVGigEVisionSDK.so.4.3.0.3
-- Up-to-date: /workspaces/Engineer_Visual/src/install/lib/libMVGigEVisionSDK.so
-- Up-to-date: /workspaces/Engineer_Visual/src/install/lib/libGenCP_gcc447_v3_0.so
-- Up-to-date: /workspaces/Engineer_Visual/src/install/lib/libCLProtocol_gcc447_v3_0.so
-- Up-to-date: /workspaces/Engineer_Visual/src/install/lib/libMVRender.so
-- Up-to-date: /workspaces/Engineer_Visual/src/install/lib/libFormatConversion.so
-- Up-to-date: /workspaces/Engineer_Visual/src/install/lib/libMvCameraControlWrapper.so
-- Up-to-date: /workspaces/Engineer_Visual/src/install/lib/MvFGProducerGEV.cti
-- Up-to-date: /workspaces/Engineer_Visual/src/install/lib/MvFGProducerCML.cti
-- Up-to-date: /workspaces/Engineer_Visual/src/install/lib/MvProducerGEV.cti
-- Up-to-date: /workspaces/Engineer_Visual/src/install/lib/MvFGProducerXoF.cti
-- Up-to-date: /workspaces/Engineer_Visual/src/install/lib/libLog_gcc447_v3_0.so
-- Up-to-date: /workspaces/Engineer_Visual/src/install/lib/liblog4cpp_gcc447_v3_0.so
-- Up-to-date: /workspaces/Engineer_Visual/src/install/lib/libswscale.so
-- Up-to-date: /workspaces/Engineer_Visual/src/install/lib/libMvCameraControlWrapper.so.4.3.0.3
-- Up-to-date: /workspaces/Engineer_Visual/src/install/lib/libMvCamLVision.so
-- Up-to-date: /workspaces/Engineer_Visual/src/install/lib/libMvCameraControl.so
-- Up-to-date: /workspaces/Engineer_Visual/src/install/lib/libMediaProcess.so
-- Up-to-date: /workspaces/Engineer_Visual/src/install/lib/libMVFGControl.so
-- Up-to-date: /workspaces/Engineer_Visual/src/install/lib/libCLSerHvc.so
-- Up-to-date: /workspaces/Engineer_Visual/src/install/lib/MvFGProducerCXP.cti
-- Up-to-date: /workspaces/Engineer_Visual/src/install/lib/libMvCameraControl.so.4.3.0.4
-- Up-to-date: /workspaces/Engineer_Visual/src/install/lib/libavutil.so
-- Up-to-date: /workspaces/Engineer_Visual/src/install/lib/libMvCamLVision.so.4.3.0.3
-- Up-to-date: /workspaces/Engineer_Visual/src/install/lib/libGCBase_gcc447_v3_0.so
-- Up-to-date: /workspaces/Engineer_Visual/src/install/lib/libCLSerCOM.so
-- Up-to-date: /workspaces/Engineer_Visual/src/install/lib/libMvUsb3vTL.so
-- Up-to-date: /workspaces/Engineer_Visual/src/install/include
-- Up-to-date: /workspaces/Engineer_Visual/src/install/include/hikcamera
-- Up-to-date: /workspaces/Engineer_Visual/src/install/include/hikcamera/image_capturer.hpp
-- Up-to-date: /workspaces/Engineer_Visual/src/install/share/hikcamera/environment/library_path.sh
-- Up-to-date: /workspaces/Engineer_Visual/src/install/share/hikcamera/environment/library_path.dsv
-- Up-to-date: /workspaces/Engineer_Visual/src/install/lib/libhikcamera.so
-- Up-to-date: /workspaces/Engineer_Visual/src/install/share/ament_index/resource_index/package_run_dependencies/hikcamera
-- Up-to-date: /workspaces/Engineer_Visual/src/install/share/ament_index/resource_index/parent_prefix_path/hikcamera
-- Up-to-date: /workspaces/Engineer_Visual/src/install/share/hikcamera/environment/ament_prefix_path.sh
-- Up-to-date: /workspaces/Engineer_Visual/src/install/share/hikcamera/environment/ament_prefix_path.dsv
-- Up-to-date: /workspaces/Engineer_Visual/src/install/share/hikcamera/environment/path.sh
-- Up-to-date: /workspaces/Engineer_Visual/src/install/share/hikcamera/environment/path.dsv
-- Up-to-date: /workspaces/Engineer_Visual/src/install/share/hikcamera/local_setup.bash
-- Up-to-date: /workspaces/Engineer_Visual/src/install/share/hikcamera/local_setup.sh
-- Up-to-date: /workspaces/Engineer_Visual/src/install/share/hikcamera/local_setup.zsh
-- Up-to-date: /workspaces/Engineer_Visual/src/install/share/hikcamera/local_setup.dsv
-- Installing: /workspaces/Engineer_Visual/src/install/share/hikcamera/package.dsv
-- Up-to-date: /workspaces/Engineer_Visual/src/install/share/ament_index/resource_index/packages/hikcamera
-- Up-to-date: /workspaces/Engineer_Visual/src/install/share/hikcamera/cmake/ament_cmake_export_dependencies-extras.cmake
-- Up-to-date: /workspaces/Engineer_Visual/src/install/share/hikcamera/cmake/ament_cmake_export_include_directories-extras.cmake
-- Up-to-date: /workspaces/Engineer_Visual/src/install/share/hikcamera/cmake/ament_cmake_export_libraries-extras.cmake
-- Up-to-date: /workspaces/Engineer_Visual/src/install/share/hikcamera/cmake/hikcameraConfig.cmake
-- Up-to-date: /workspaces/Engineer_Visual/src/install/share/hikcamera/cmake/hikcameraConfig-version.cmake
-- Up-to-date: /workspaces/Engineer_Visual/src/install/share/hikcamera/package.xml
