[0.021s] Invoking command in '/workspaces/Engineer_Visual/src/build/visual_exchange': CMAKE_PREFIX_PATH=${CMAKE_PREFIX_PATH}:/opt/ros/humble /usr/bin/cmake --build /workspaces/Engineer_Visual/src/build/visual_exchange -- -j20 -l20
[0.046s] [35m[1mConsolidate compiler generated dependencies of target visual_exchange[0m
[0.060s] [ 33%] [32mBuilding CXX object CMakeFiles/visual_exchange.dir/src/engineer_viusal_exchange.cpp.o[0m
[4.311s] [ 66%] [32m[1mLinking CXX executable visual_exchange[0m
[4.637s] [100%] Built target visual_exchange
[4.651s] Invoked command in '/workspaces/Engineer_Visual/src/build/visual_exchange' returned '0': CMAKE_PREFIX_PATH=${CMAKE_PREFIX_PATH}:/opt/ros/humble /usr/bin/cmake --build /workspaces/Engineer_Visual/src/build/visual_exchange -- -j20 -l20
[4.666s] Invoking command in '/workspaces/Engineer_Visual/src/build/visual_exchange': CMAKE_PREFIX_PATH=${CMAKE_PREFIX_PATH}:/opt/ros/humble /usr/bin/cmake --install /workspaces/Engineer_Visual/src/build/visual_exchange
[4.670s] -- Install configuration: ""
[4.671s] -- Up-to-date: /workspaces/Engineer_Visual/src/install/include
[4.671s] -- Up-to-date: /workspaces/Engineer_Visual/src/install/include/visual_exchange
[4.671s] -- Up-to-date: /workspaces/Engineer_Visual/src/install/include/util
[4.671s] -- Up-to-date: /workspaces/Engineer_Visual/src/install/include/util/fps_counter.hpp
[4.671s] -- Installing: /workspaces/Engineer_Visual/src/install/lib/visual_exchange/visual_exchange
[4.672s] -- Set runtime path of "/workspaces/Engineer_Visual/src/install/lib/visual_exchange/visual_exchange" to ""
[4.672s] -- Up-to-date: /workspaces/Engineer_Visual/src/install/share/ament_index/resource_index/package_run_dependencies/visual_exchange
[4.672s] -- Up-to-date: /workspaces/Engineer_Visual/src/install/share/ament_index/resource_index/parent_prefix_path/visual_exchange
[4.672s] -- Up-to-date: /workspaces/Engineer_Visual/src/install/share/visual_exchange/environment/ament_prefix_path.sh
[4.672s] -- Up-to-date: /workspaces/Engineer_Visual/src/install/share/visual_exchange/environment/ament_prefix_path.dsv
[4.672s] -- Up-to-date: /workspaces/Engineer_Visual/src/install/share/visual_exchange/environment/path.sh
[4.672s] -- Up-to-date: /workspaces/Engineer_Visual/src/install/share/visual_exchange/environment/path.dsv
[4.672s] -- Up-to-date: /workspaces/Engineer_Visual/src/install/share/visual_exchange/local_setup.bash
[4.672s] -- Up-to-date: /workspaces/Engineer_Visual/src/install/share/visual_exchange/local_setup.sh
[4.672s] -- Up-to-date: /workspaces/Engineer_Visual/src/install/share/visual_exchange/local_setup.zsh
[4.672s] -- Up-to-date: /workspaces/Engineer_Visual/src/install/share/visual_exchange/local_setup.dsv
[4.672s] -- Installing: /workspaces/Engineer_Visual/src/install/share/visual_exchange/package.dsv
[4.673s] -- Up-to-date: /workspaces/Engineer_Visual/src/install/share/ament_index/resource_index/packages/visual_exchange
[4.673s] -- Up-to-date: /workspaces/Engineer_Visual/src/install/share/visual_exchange/cmake/ament_cmake_export_dependencies-extras.cmake
[4.673s] -- Up-to-date: /workspaces/Engineer_Visual/src/install/share/visual_exchange/cmake/ament_cmake_export_include_directories-extras.cmake
[4.673s] -- Up-to-date: /workspaces/Engineer_Visual/src/install/share/visual_exchange/cmake/visual_exchangeConfig.cmake
[4.673s] -- Up-to-date: /workspaces/Engineer_Visual/src/install/share/visual_exchange/cmake/visual_exchangeConfig-version.cmake
[4.673s] -- Up-to-date: /workspaces/Engineer_Visual/src/install/share/visual_exchange/package.xml
[4.673s] Invoked command in '/workspaces/Engineer_Visual/src/build/visual_exchange' returned '0': CMAKE_PREFIX_PATH=${CMAKE_PREFIX_PATH}:/opt/ros/humble /usr/bin/cmake --install /workspaces/Engineer_Visual/src/build/visual_exchange
