Error   2024-04-22 08:15:21:0497  DevID:  Source-Line:libMvCameraControl.so(GenTLLoadLibraryEx.cpp-L0222)  ProcessName:visual_exchange(17797)   Description:Load CTI failed! CTI path[/workspaces/Engineer_Visual/src/install/lib/MvProducerVIR.dll], nRet[0x8000000c]     Solution:
Error   2024-04-22 08:15:21:0497  DevID:  Source-Line:libMvCameraControl.so(GenTLLoadLibraryEx.cpp-L0222)  ProcessName:visual_exchange(17797)   Description:Load CTI failed! CTI path[/workspaces/Engineer_Visual/src/install/lib/MvProducerVIR.dll], nRet[0x8000000c]     Solution:
Error   2024-04-22 08:15:23:0212  DevID:MV-CS016-10UC(DA0349266)  Source-Line:libMvCameraControl.so(GenICamImpl.cpp-L0845)  ProcessName:visual_exchange(17797)   Description:PropertyName[PartialImageOutputMode], Ret[0x80000100]     Solution:
Error   2024-04-22 08:15:23:0217  DevID:MV-CS016-10UC(DA0349266)  Source-Line:libMvCameraControl.so(XmlParse.cpp-L2939)  ProcessName:visual_exchange(17797)   Description:Get Node Value, NodeName[GammaEnable], AccessException[Node is not readable. : AccessException thrown in node 'GammaEnable' while calling 'GammaEnable.GetValue()' (file 'BooleanT.h', line 113)]     Solution:
Error   2024-04-22 08:15:23:0217  DevID:MV-CS016-10UC(DA0349266)  Source-Line:libMvCameraControl.so(GenICamImpl.cpp-L0440)  ProcessName:visual_exchange(17797)   Description:Property[GammaEnable], Ret[0x80000106]     Solution:
Warning 2024-04-22 08:15:23:0217  DevID:MV-CS016-10UC(DA0349266)  Source-Line:libMvCameraControl.so(GenICamImpl.cpp-L2145)  ProcessName:visual_exchange(17797)   Description:[Record] Failed get GammaEnable value ,nRet [0x80000106]     Solution:
Error   2024-04-22 08:15:23:0225  DevID:MV-CS016-10UC(DA0349266)  Source-Line:libMvCameraControl.so(XmlParse.cpp-L2779)  ProcessName:visual_exchange(17797)   Description:Get Node Value, NodeName[Gamma], AccessException[Node is not readable. : AccessException thrown in node 'Gamma' while calling 'Gamma.GetValue()' (file 'FloatT.h', line 291)]     Solution:
Error   2024-04-22 08:15:23:0225  DevID:MV-CS016-10UC(DA0349266)  Source-Line:libMvCameraControl.so(GenICamImpl.cpp-L0381)  ProcessName:visual_exchange(17797)   Description:Property[Gamma], Ret[0x80000106]     Solution:
Warning 2024-04-22 08:15:23:0225  DevID:MV-CS016-10UC(DA0349266)  Source-Line:libMvCameraControl.so(GenICamImpl.cpp-L2156)  ProcessName:visual_exchange(17797)   Description:[Record] Failed get Gamma value, nRet[0x80000106]     Solution:
Error   2024-04-22 08:16:09:0611  DevID:  Source-Line:libMvCameraControl.so(GenTLLoadLibraryEx.cpp-L0222)  ProcessName:visual_exchange(18431)   Description:Load CTI failed! CTI path[/workspaces/Engineer_Visual/src/install/lib/MvProducerVIR.dll], nRet[0x8000000c]     Solution:
Error   2024-04-22 08:16:09:0613  DevID:  Source-Line:libMvCameraControl.so(GenTLLoadLibraryEx.cpp-L0222)  ProcessName:visual_exchange(18431)   Description:Load CTI failed! CTI path[/workspaces/Engineer_Visual/src/install/lib/MvProducerVIR.dll], nRet[0x8000000c]     Solution:
Error   2024-04-22 08:16:11:0338  DevID:MV-CS016-10UC(DA0349266)  Source-Line:libMvCameraControl.so(GenICamImpl.cpp-L0845)  ProcessName:visual_exchange(18431)   Description:PropertyName[PartialImageOutputMode], Ret[0x80000100]     Solution:
Error   2024-04-22 08:16:11:0343  DevID:MV-CS016-10UC(DA0349266)  Source-Line:libMvCameraControl.so(XmlParse.cpp-L2939)  ProcessName:visual_exchange(18431)   Description:Get Node Value, NodeName[GammaEnable], AccessException[Node is not readable. : AccessException thrown in node 'GammaEnable' while calling 'GammaEnable.GetValue()' (file 'BooleanT.h', line 113)]     Solution:
Error   2024-04-22 08:16:11:0343  DevID:MV-CS016-10UC(DA0349266)  Source-Line:libMvCameraControl.so(GenICamImpl.cpp-L0440)  ProcessName:visual_exchange(18431)   Description:Property[GammaEnable], Ret[0x80000106]     Solution:
Warning 2024-04-22 08:16:11:0343  DevID:MV-CS016-10UC(DA0349266)  Source-Line:libMvCameraControl.so(GenICamImpl.cpp-L2145)  ProcessName:visual_exchange(18431)   Description:[Record] Failed get GammaEnable value ,nRet [0x80000106]     Solution:
Error   2024-04-22 08:16:11:0351  DevID:MV-CS016-10UC(DA0349266)  Source-Line:libMvCameraControl.so(XmlParse.cpp-L2779)  ProcessName:visual_exchange(18431)   Description:Get Node Value, NodeName[Gamma], AccessException[Node is not readable. : AccessException thrown in node 'Gamma' while calling 'Gamma.GetValue()' (file 'FloatT.h', line 291)]     Solution:
Error   2024-04-22 08:16:11:0351  DevID:MV-CS016-10UC(DA0349266)  Source-Line:libMvCameraControl.so(GenICamImpl.cpp-L0381)  ProcessName:visual_exchange(18431)   Description:Property[Gamma], Ret[0x80000106]     Solution:
Warning 2024-04-22 08:16:11:0351  DevID:MV-CS016-10UC(DA0349266)  Source-Line:libMvCameraControl.so(GenICamImpl.cpp-L2156)  ProcessName:visual_exchange(18431)   Description:[Record] Failed get Gamma value, nRet[0x80000106]     Solution:
Error   2024-04-22 08:17:27:0716  DevID:  Source-Line:libMvCameraControl.so(GenTLLoadLibraryEx.cpp-L0222)  ProcessName:visual_exchange(19204)   Description:Load CTI failed! CTI path[/workspaces/Engineer_Visual/src/install/lib/MvProducerVIR.dll], nRet[0x8000000c]     Solution:
Error   2024-04-22 08:17:27:0716  DevID:  Source-Line:libMvCameraControl.so(GenTLLoadLibraryEx.cpp-L0222)  ProcessName:visual_exchange(19204)   Description:Load CTI failed! CTI path[/workspaces/Engineer_Visual/src/install/lib/MvProducerVIR.dll], nRet[0x8000000c]     Solution:
Error   2024-04-22 08:17:29:0433  DevID:MV-CS016-10UC(DA0349266)  Source-Line:libMvCameraControl.so(GenICamImpl.cpp-L0845)  ProcessName:visual_exchange(19204)   Description:PropertyName[PartialImageOutputMode], Ret[0x80000100]     Solution:
Error   2024-04-22 08:17:29:0438  DevID:MV-CS016-10UC(DA0349266)  Source-Line:libMvCameraControl.so(XmlParse.cpp-L2939)  ProcessName:visual_exchange(19204)   Description:Get Node Value, NodeName[GammaEnable], AccessException[Node is not readable. : AccessException thrown in node 'GammaEnable' while calling 'GammaEnable.GetValue()' (file 'BooleanT.h', line 113)]     Solution:
Error   2024-04-22 08:17:29:0438  DevID:MV-CS016-10UC(DA0349266)  Source-Line:libMvCameraControl.so(GenICamImpl.cpp-L0440)  ProcessName:visual_exchange(19204)   Description:Property[GammaEnable], Ret[0x80000106]     Solution:
Warning 2024-04-22 08:17:29:0438  DevID:MV-CS016-10UC(DA0349266)  Source-Line:libMvCameraControl.so(GenICamImpl.cpp-L2145)  ProcessName:visual_exchange(19204)   Description:[Record] Failed get GammaEnable value ,nRet [0x80000106]     Solution:
Error   2024-04-22 08:17:29:0438  DevID:MV-CS016-10UC(DA0349266)  Source-Line:libMvCameraControl.so(XmlParse.cpp-L2779)  ProcessName:visual_exchange(19204)   Description:Get Node Value, NodeName[Gamma], AccessException[Node is not readable. : AccessException thrown in node 'Gamma' while calling 'Gamma.GetValue()' (file 'FloatT.h', line 291)]     Solution:
Error   2024-04-22 08:17:29:0438  DevID:MV-CS016-10UC(DA0349266)  Source-Line:libMvCameraControl.so(GenICamImpl.cpp-L0381)  ProcessName:visual_exchange(19204)   Description:Property[Gamma], Ret[0x80000106]     Solution:
Warning 2024-04-22 08:17:29:0438  DevID:MV-CS016-10UC(DA0349266)  Source-Line:libMvCameraControl.so(GenICamImpl.cpp-L2156)  ProcessName:visual_exchange(19204)   Description:[Record] Failed get Gamma value, nRet[0x80000106]     Solution:
Error   2024-04-22 08:18:32:0735  DevID:  Source-Line:libMvCameraControl.so(GenTLLoadLibraryEx.cpp-L0222)  ProcessName:visual_exchange(19928)   Description:Load CTI failed! CTI path[/workspaces/Engineer_Visual/src/install/lib/MvProducerVIR.dll], nRet[0x8000000c]     Solution:
Error   2024-04-22 08:18:32:0738  DevID:  Source-Line:libMvCameraControl.so(GenTLLoadLibraryEx.cpp-L0222)  ProcessName:visual_exchange(19928)   Description:Load CTI failed! CTI path[/workspaces/Engineer_Visual/src/install/lib/MvProducerVIR.dll], nRet[0x8000000c]     Solution:
Error   2024-04-22 08:18:34:0454  DevID:MV-CS016-10UC(DA0349266)  Source-Line:libMvCameraControl.so(XmlParse.cpp-L2939)  ProcessName:visual_exchange(19928)   Description:Get Node Value, NodeName[GammaEnable], AccessException[Node is not readable. : AccessException thrown in node 'GammaEnable' while calling 'GammaEnable.GetValue()' (file 'BooleanT.h', line 113)]     Solution:
Error   2024-04-22 08:18:34:0454  DevID:MV-CS016-10UC(DA0349266)  Source-Line:libMvCameraControl.so(GenICamImpl.cpp-L0440)  ProcessName:visual_exchange(19928)   Description:Property[GammaEnable], Ret[0x80000106]     Solution:
Warning 2024-04-22 08:18:34:0454  DevID:MV-CS016-10UC(DA0349266)  Source-Line:libMvCameraControl.so(GenICamImpl.cpp-L2145)  ProcessName:visual_exchange(19928)   Description:[Record] Failed get GammaEnable value ,nRet [0x80000106]     Solution:
Error   2024-04-22 08:18:34:0455  DevID:MV-CS016-10UC(DA0349266)  Source-Line:libMvCameraControl.so(GenICamImpl.cpp-L0845)  ProcessName:visual_exchange(19928)   Description:PropertyName[PartialImageOutputMode], Ret[0x80000100]     Solution:
Error   2024-04-22 08:18:34:0459  DevID:MV-CS016-10UC(DA0349266)  Source-Line:libMvCameraControl.so(XmlParse.cpp-L2779)  ProcessName:visual_exchange(19928)   Description:Get Node Value, NodeName[Gamma], AccessException[Node is not readable. : AccessException thrown in node 'Gamma' while calling 'Gamma.GetValue()' (file 'FloatT.h', line 291)]     Solution:
Error   2024-04-22 08:18:34:0459  DevID:MV-CS016-10UC(DA0349266)  Source-Line:libMvCameraControl.so(GenICamImpl.cpp-L0381)  ProcessName:visual_exchange(19928)   Description:Property[Gamma], Ret[0x80000106]     Solution:
Warning 2024-04-22 08:18:34:0459  DevID:MV-CS016-10UC(DA0349266)  Source-Line:libMvCameraControl.so(GenICamImpl.cpp-L2156)  ProcessName:visual_exchange(19928)   Description:[Record] Failed get Gamma value, nRet[0x80000106]     Solution:
Error   2024-04-22 08:19:03:0157  DevID:  Source-Line:libMvCameraControl.so(GenTLLoadLibraryEx.cpp-L0222)  ProcessName:visual_exchange(20448)   Description:Load CTI failed! CTI path[/workspaces/Engineer_Visual/src/install/lib/MvProducerVIR.dll], nRet[0x8000000c]     Solution:
Error   2024-04-22 08:19:03:0157  DevID:  Source-Line:libMvCameraControl.so(GenTLLoadLibraryEx.cpp-L0222)  ProcessName:visual_exchange(20448)   Description:Load CTI failed! CTI path[/workspaces/Engineer_Visual/src/install/lib/MvProducerVIR.dll], nRet[0x8000000c]     Solution:
Error   2024-04-22 08:19:03:0966  DevID:MV-CS016-10UC(DA0349266)  Source-Line:libMvCameraControl.so(XmlParse.cpp-L2939)  ProcessName:visual_exchange(20448)   Description:Get Node Value, NodeName[GammaEnable], AccessException[Node is not readable. : AccessException thrown in node 'GammaEnable' while calling 'GammaEnable.GetValue()' (file 'BooleanT.h', line 113)]     Solution:
Error   2024-04-22 08:19:03:0966  DevID:MV-CS016-10UC(DA0349266)  Source-Line:libMvCameraControl.so(GenICamImpl.cpp-L0440)  ProcessName:visual_exchange(20448)   Description:Property[GammaEnable], Ret[0x80000106]     Solution:
Warning 2024-04-22 08:19:03:0966  DevID:MV-CS016-10UC(DA0349266)  Source-Line:libMvCameraControl.so(GenICamImpl.cpp-L2145)  ProcessName:visual_exchange(20448)   Description:[Record] Failed get GammaEnable value ,nRet [0x80000106]     Solution:
Error   2024-04-22 08:19:03:0967  DevID:MV-CS016-10UC(DA0349266)  Source-Line:libMvCameraControl.so(XmlParse.cpp-L2779)  ProcessName:visual_exchange(20448)   Description:Get Node Value, NodeName[Gamma], AccessException[Node is not readable. : AccessException thrown in node 'Gamma' while calling 'Gamma.GetValue()' (file 'FloatT.h', line 291)]     Solution:
Error   2024-04-22 08:19:03:0967  DevID:MV-CS016-10UC(DA0349266)  Source-Line:libMvCameraControl.so(GenICamImpl.cpp-L0381)  ProcessName:visual_exchange(20448)   Description:Property[Gamma], Ret[0x80000106]     Solution:
Warning 2024-04-22 08:19:03:0967  DevID:MV-CS016-10UC(DA0349266)  Source-Line:libMvCameraControl.so(GenICamImpl.cpp-L2156)  ProcessName:visual_exchange(20448)   Description:[Record] Failed get Gamma value, nRet[0x80000106]     Solution:
Error   2024-04-22 08:19:03:0970  DevID:MV-CS016-10UC(DA0349266)  Source-Line:libMvCameraControl.so(GenICamImpl.cpp-L0845)  ProcessName:visual_exchange(20448)   Description:PropertyName[PartialImageOutputMode], Ret[0x80000100]     Solution:
Error   2024-04-22 08:19:13:0946  DevID:  Source-Line:libMvCameraControl.so(GenTLLoadLibraryEx.cpp-L0222)  ProcessName:visual_exchange(20780)   Description:Load CTI failed! CTI path[/workspaces/Engineer_Visual/src/install/lib/MvProducerVIR.dll], nRet[0x8000000c]     Solution:
Error   2024-04-22 08:19:13:0947  DevID:  Source-Line:libMvCameraControl.so(GenTLLoadLibraryEx.cpp-L0222)  ProcessName:visual_exchange(20780)   Description:Load CTI failed! CTI path[/workspaces/Engineer_Visual/src/install/lib/MvProducerVIR.dll], nRet[0x8000000c]     Solution:
Error   2024-04-22 08:19:15:0661  DevID:MV-CS016-10UC(DA0349266)  Source-Line:libMvCameraControl.so(XmlParse.cpp-L2939)  ProcessName:visual_exchange(20780)   Description:Get Node Value, NodeName[GammaEnable], AccessException[Node is not readable. : AccessException thrown in node 'GammaEnable' while calling 'GammaEnable.GetValue()' (file 'BooleanT.h', line 113)]     Solution:
Error   2024-04-22 08:19:15:0661  DevID:MV-CS016-10UC(DA0349266)  Source-Line:libMvCameraControl.so(GenICamImpl.cpp-L0440)  ProcessName:visual_exchange(20780)   Description:Property[GammaEnable], Ret[0x80000106]     Solution:
Warning 2024-04-22 08:19:15:0661  DevID:MV-CS016-10UC(DA0349266)  Source-Line:libMvCameraControl.so(GenICamImpl.cpp-L2145)  ProcessName:visual_exchange(20780)   Description:[Record] Failed get GammaEnable value ,nRet [0x80000106]     Solution:
Error   2024-04-22 08:19:15:0662  DevID:MV-CS016-10UC(DA0349266)  Source-Line:libMvCameraControl.so(XmlParse.cpp-L2779)  ProcessName:visual_exchange(20780)   Description:Get Node Value, NodeName[Gamma], AccessException[Node is not readable. : AccessException thrown in node 'Gamma' while calling 'Gamma.GetValue()' (file 'FloatT.h', line 291)]     Solution:
Error   2024-04-22 08:19:15:0662  DevID:MV-CS016-10UC(DA0349266)  Source-Line:libMvCameraControl.so(GenICamImpl.cpp-L0381)  ProcessName:visual_exchange(20780)   Description:Property[Gamma], Ret[0x80000106]     Solution:
Warning 2024-04-22 08:19:15:0662  DevID:MV-CS016-10UC(DA0349266)  Source-Line:libMvCameraControl.so(GenICamImpl.cpp-L2156)  ProcessName:visual_exchange(20780)   Description:[Record] Failed get Gamma value, nRet[0x80000106]     Solution:
Error   2024-04-22 08:19:15:0664  DevID:MV-CS016-10UC(DA0349266)  Source-Line:libMvCameraControl.so(GenICamImpl.cpp-L0845)  ProcessName:visual_exchange(20780)   Description:PropertyName[PartialImageOutputMode], Ret[0x80000100]     Solution:
Error   2024-04-22 08:19:24:0795  DevID:  Source-Line:libMvCameraControl.so(GenTLLoadLibraryEx.cpp-L0222)  ProcessName:visual_exchange(21123)   Description:Load CTI failed! CTI path[/workspaces/Engineer_Visual/src/install/lib/MvProducerVIR.dll], nRet[0x8000000c]     Solution:
Error   2024-04-22 08:19:24:0795  DevID:  Source-Line:libMvCameraControl.so(GenTLLoadLibraryEx.cpp-L0222)  ProcessName:visual_exchange(21123)   Description:Load CTI failed! CTI path[/workspaces/Engineer_Visual/src/install/lib/MvProducerVIR.dll], nRet[0x8000000c]     Solution:
Error   2024-04-22 08:19:26:0512  DevID:MV-CS016-10UC(DA0349266)  Source-Line:libMvCameraControl.so(GenICamImpl.cpp-L0845)  ProcessName:visual_exchange(21123)   Description:PropertyName[PartialImageOutputMode], Ret[0x80000100]     Solution:
Error   2024-04-22 08:19:26:0517  DevID:MV-CS016-10UC(DA0349266)  Source-Line:libMvCameraControl.so(XmlParse.cpp-L2939)  ProcessName:visual_exchange(21123)   Description:Get Node Value, NodeName[GammaEnable], AccessException[Node is not readable. : AccessException thrown in node 'GammaEnable' while calling 'GammaEnable.GetValue()' (file 'BooleanT.h', line 113)]     Solution:
Error   2024-04-22 08:19:26:0517  DevID:MV-CS016-10UC(DA0349266)  Source-Line:libMvCameraControl.so(GenICamImpl.cpp-L0440)  ProcessName:visual_exchange(21123)   Description:Property[GammaEnable], Ret[0x80000106]     Solution:
Warning 2024-04-22 08:19:26:0517  DevID:MV-CS016-10UC(DA0349266)  Source-Line:libMvCameraControl.so(GenICamImpl.cpp-L2145)  ProcessName:visual_exchange(21123)   Description:[Record] Failed get GammaEnable value ,nRet [0x80000106]     Solution:
Error   2024-04-22 08:19:26:0517  DevID:MV-CS016-10UC(DA0349266)  Source-Line:libMvCameraControl.so(XmlParse.cpp-L2779)  ProcessName:visual_exchange(21123)   Description:Get Node Value, NodeName[Gamma], AccessException[Node is not readable. : AccessException thrown in node 'Gamma' while calling 'Gamma.GetValue()' (file 'FloatT.h', line 291)]     Solution:
Error   2024-04-22 08:19:26:0517  DevID:MV-CS016-10UC(DA0349266)  Source-Line:libMvCameraControl.so(GenICamImpl.cpp-L0381)  ProcessName:visual_exchange(21123)   Description:Property[Gamma], Ret[0x80000106]     Solution:
Warning 2024-04-22 08:19:26:0517  DevID:MV-CS016-10UC(DA0349266)  Source-Line:libMvCameraControl.so(GenICamImpl.cpp-L2156)  ProcessName:visual_exchange(21123)   Description:[Record] Failed get Gamma value, nRet[0x80000106]     Solution:
Error   2024-04-22 08:20:33:0613  DevID:  Source-Line:libMvCameraControl.so(GenTLLoadLibraryEx.cpp-L0222)  ProcessName:visual_exchange(22022)   Description:Load CTI failed! CTI path[/workspaces/Engineer_Visual/src/install/lib/MvProducerVIR.dll], nRet[0x8000000c]     Solution:
Error   2024-04-22 08:20:33:0613  DevID:  Source-Line:libMvCameraControl.so(GenTLLoadLibraryEx.cpp-L0222)  ProcessName:visual_exchange(22022)   Description:Load CTI failed! CTI path[/workspaces/Engineer_Visual/src/install/lib/MvProducerVIR.dll], nRet[0x8000000c]     Solution:
Error   2024-04-22 08:20:35:0328  DevID:MV-CS016-10UC(DA0349266)  Source-Line:libMvCameraControl.so(GenICamImpl.cpp-L0845)  ProcessName:visual_exchange(22022)   Description:PropertyName[PartialImageOutputMode], Ret[0x80000100]     Solution:
Error   2024-04-22 08:20:35:0333  DevID:MV-CS016-10UC(DA0349266)  Source-Line:libMvCameraControl.so(XmlParse.cpp-L2939)  ProcessName:visual_exchange(22022)   Description:Get Node Value, NodeName[GammaEnable], AccessException[Node is not readable. : AccessException thrown in node 'GammaEnable' while calling 'GammaEnable.GetValue()' (file 'BooleanT.h', line 113)]     Solution:
Error   2024-04-22 08:20:35:0333  DevID:MV-CS016-10UC(DA0349266)  Source-Line:libMvCameraControl.so(GenICamImpl.cpp-L0440)  ProcessName:visual_exchange(22022)   Description:Property[GammaEnable], Ret[0x80000106]     Solution:
Warning 2024-04-22 08:20:35:0333  DevID:MV-CS016-10UC(DA0349266)  Source-Line:libMvCameraControl.so(GenICamImpl.cpp-L2145)  ProcessName:visual_exchange(22022)   Description:[Record] Failed get GammaEnable value ,nRet [0x80000106]     Solution:
Error   2024-04-22 08:20:35:0333  DevID:MV-CS016-10UC(DA0349266)  Source-Line:libMvCameraControl.so(XmlParse.cpp-L2779)  ProcessName:visual_exchange(22022)   Description:Get Node Value, NodeName[Gamma], AccessException[Node is not readable. : AccessException thrown in node 'Gamma' while calling 'Gamma.GetValue()' (file 'FloatT.h', line 291)]     Solution:
Error   2024-04-22 08:20:35:0333  DevID:MV-CS016-10UC(DA0349266)  Source-Line:libMvCameraControl.so(GenICamImpl.cpp-L0381)  ProcessName:visual_exchange(22022)   Description:Property[Gamma], Ret[0x80000106]     Solution:
Warning 2024-04-22 08:20:35:0333  DevID:MV-CS016-10UC(DA0349266)  Source-Line:libMvCameraControl.so(GenICamImpl.cpp-L2156)  ProcessName:visual_exchange(22022)   Description:[Record] Failed get Gamma value, nRet[0x80000106]     Solution:
Error   2024-04-22 08:22:42:0517  DevID:  Source-Line:libMvCameraControl.so(GenTLLoadLibraryEx.cpp-L0222)  ProcessName:visual_exchange(3560)   Description:Load CTI failed! CTI path[/workspaces/Engineer_Visual/src/install/lib/MvProducerVIR.dll], nRet[0x8000000c]     Solution:
Error   2024-04-22 08:22:42:0517  DevID:  Source-Line:libMvCameraControl.so(GenTLLoadLibraryEx.cpp-L0222)  ProcessName:visual_exchange(3560)   Description:Load CTI failed! CTI path[/workspaces/Engineer_Visual/src/install/lib/MvProducerVIR.dll], nRet[0x8000000c]     Solution:
Error   2024-04-22 08:22:44:0240  DevID:MV-CS016-10UC(DA0349266)  Source-Line:libMvCameraControl.so(XmlParse.cpp-L2939)  ProcessName:visual_exchange(3560)   Description:Get Node Value, NodeName[GammaEnable], AccessException[Node is not readable. : AccessException thrown in node 'GammaEnable' while calling 'GammaEnable.GetValue()' (file 'BooleanT.h', line 113)]     Solution:
Error   2024-04-22 08:22:44:0240  DevID:MV-CS016-10UC(DA0349266)  Source-Line:libMvCameraControl.so(GenICamImpl.cpp-L0440)  ProcessName:visual_exchange(3560)   Description:Property[GammaEnable], Ret[0x80000106]     Solution:
Warning 2024-04-22 08:22:44:0240  DevID:MV-CS016-10UC(DA0349266)  Source-Line:libMvCameraControl.so(GenICamImpl.cpp-L2145)  ProcessName:visual_exchange(3560)   Description:[Record] Failed get GammaEnable value ,nRet [0x80000106]     Solution:
Error   2024-04-22 08:22:44:0241  DevID:MV-CS016-10UC(DA0349266)  Source-Line:libMvCameraControl.so(GenICamImpl.cpp-L0845)  ProcessName:visual_exchange(3560)   Description:PropertyName[PartialImageOutputMode], Ret[0x80000100]     Solution:
Error   2024-04-22 08:22:44:0245  DevID:MV-CS016-10UC(DA0349266)  Source-Line:libMvCameraControl.so(XmlParse.cpp-L2779)  ProcessName:visual_exchange(3560)   Description:Get Node Value, NodeName[Gamma], AccessException[Node is not readable. : AccessException thrown in node 'Gamma' while calling 'Gamma.GetValue()' (file 'FloatT.h', line 291)]     Solution:
Error   2024-04-22 08:22:44:0245  DevID:MV-CS016-10UC(DA0349266)  Source-Line:libMvCameraControl.so(GenICamImpl.cpp-L0381)  ProcessName:visual_exchange(3560)   Description:Property[Gamma], Ret[0x80000106]     Solution:
Warning 2024-04-22 08:22:44:0245  DevID:MV-CS016-10UC(DA0349266)  Source-Line:libMvCameraControl.so(GenICamImpl.cpp-L2156)  ProcessName:visual_exchange(3560)   Description:[Record] Failed get Gamma value, nRet[0x80000106]     Solution:
Error   2024-04-22 08:24:38:0443  DevID:  Source-Line:libMvCameraControl.so(GenTLLoadLibraryEx.cpp-L0222)  ProcessName:visual_exchange(4335)   Description:Load CTI failed! CTI path[/workspaces/Engineer_Visual/src/install/lib/MvProducerVIR.dll], nRet[0x8000000c]     Solution:
Error   2024-04-22 08:24:38:0444  DevID:  Source-Line:libMvCameraControl.so(GenTLLoadLibraryEx.cpp-L0222)  ProcessName:visual_exchange(4335)   Description:Load CTI failed! CTI path[/workspaces/Engineer_Visual/src/install/lib/MvProducerVIR.dll], nRet[0x8000000c]     Solution:
Error   2024-04-22 08:24:40:0148  DevID:MV-CS016-10UC(DA0349266)  Source-Line:libMvCameraControl.so(XmlParse.cpp-L2939)  ProcessName:visual_exchange(4335)   Description:Get Node Value, NodeName[GammaEnable], AccessException[Node is not readable. : AccessException thrown in node 'GammaEnable' while calling 'GammaEnable.GetValue()' (file 'BooleanT.h', line 113)]     Solution:
Error   2024-04-22 08:24:40:0148  DevID:MV-CS016-10UC(DA0349266)  Source-Line:libMvCameraControl.so(GenICamImpl.cpp-L0440)  ProcessName:visual_exchange(4335)   Description:Property[GammaEnable], Ret[0x80000106]     Solution:
Warning 2024-04-22 08:24:40:0148  DevID:MV-CS016-10UC(DA0349266)  Source-Line:libMvCameraControl.so(GenICamImpl.cpp-L2145)  ProcessName:visual_exchange(4335)   Description:[Record] Failed get GammaEnable value ,nRet [0x80000106]     Solution:
Error   2024-04-22 08:24:40:0149  DevID:MV-CS016-10UC(DA0349266)  Source-Line:libMvCameraControl.so(XmlParse.cpp-L2779)  ProcessName:visual_exchange(4335)   Description:Get Node Value, NodeName[Gamma], AccessException[Node is not readable. : AccessException thrown in node 'Gamma' while calling 'Gamma.GetValue()' (file 'FloatT.h', line 291)]     Solution:
Error   2024-04-22 08:24:40:0149  DevID:MV-CS016-10UC(DA0349266)  Source-Line:libMvCameraControl.so(GenICamImpl.cpp-L0381)  ProcessName:visual_exchange(4335)   Description:Property[Gamma], Ret[0x80000106]     Solution:
Warning 2024-04-22 08:24:40:0149  DevID:MV-CS016-10UC(DA0349266)  Source-Line:libMvCameraControl.so(GenICamImpl.cpp-L2156)  ProcessName:visual_exchange(4335)   Description:[Record] Failed get Gamma value, nRet[0x80000106]     Solution:
Error   2024-04-22 08:24:40:0153  DevID:MV-CS016-10UC(DA0349266)  Source-Line:libMvCameraControl.so(GenICamImpl.cpp-L0845)  ProcessName:visual_exchange(4335)   Description:PropertyName[PartialImageOutputMode], Ret[0x80000100]     Solution:
Error   2024-04-22 08:34:53:0502  DevID:  Source-Line:libMvCameraControl.so(GenTLLoadLibraryEx.cpp-L0222)  ProcessName:visual_exchange(6239)   Description:Load CTI failed! CTI path[/workspaces/Engineer_Visual/src/install/lib/MvProducerVIR.dll], nRet[0x8000000c]     Solution:
Error   2024-04-22 08:34:53:0503  DevID:  Source-Line:libMvCameraControl.so(GenTLLoadLibraryEx.cpp-L0222)  ProcessName:visual_exchange(6239)   Description:Load CTI failed! CTI path[/workspaces/Engineer_Visual/src/install/lib/MvProducerVIR.dll], nRet[0x8000000c]     Solution:
Error   2024-04-22 08:34:55:0200  DevID:MV-CS016-10UC(DA0349266)  Source-Line:libMvCameraControl.so(XmlParse.cpp-L2939)  ProcessName:visual_exchange(6239)   Description:Get Node Value, NodeName[GammaEnable], AccessException[Node is not readable. : AccessException thrown in node 'GammaEnable' while calling 'GammaEnable.GetValue()' (file 'BooleanT.h', line 113)]     Solution:
Error   2024-04-22 08:34:55:0200  DevID:MV-CS016-10UC(DA0349266)  Source-Line:libMvCameraControl.so(GenICamImpl.cpp-L0440)  ProcessName:visual_exchange(6239)   Description:Property[GammaEnable], Ret[0x80000106]     Solution:
Warning 2024-04-22 08:34:55:0200  DevID:MV-CS016-10UC(DA0349266)  Source-Line:libMvCameraControl.so(GenICamImpl.cpp-L2145)  ProcessName:visual_exchange(6239)   Description:[Record] Failed get GammaEnable value ,nRet [0x80000106]     Solution:
Error   2024-04-22 08:34:55:0201  DevID:MV-CS016-10UC(DA0349266)  Source-Line:libMvCameraControl.so(XmlParse.cpp-L2779)  ProcessName:visual_exchange(6239)   Description:Get Node Value, NodeName[Gamma], AccessException[Node is not readable. : AccessException thrown in node 'Gamma' while calling 'Gamma.GetValue()' (file 'FloatT.h', line 291)]     Solution:
Error   2024-04-22 08:34:55:0201  DevID:MV-CS016-10UC(DA0349266)  Source-Line:libMvCameraControl.so(GenICamImpl.cpp-L0381)  ProcessName:visual_exchange(6239)   Description:Property[Gamma], Ret[0x80000106]     Solution:
Warning 2024-04-22 08:34:55:0201  DevID:MV-CS016-10UC(DA0349266)  Source-Line:libMvCameraControl.so(GenICamImpl.cpp-L2156)  ProcessName:visual_exchange(6239)   Description:[Record] Failed get Gamma value, nRet[0x80000106]     Solution:
Error   2024-04-22 08:34:55:0203  DevID:MV-CS016-10UC(DA0349266)  Source-Line:libMvCameraControl.so(GenICamImpl.cpp-L0845)  ProcessName:visual_exchange(6239)   Description:PropertyName[PartialImageOutputMode], Ret[0x80000100]     Solution:
