[35m[1mConsolidate compiler generated dependencies of target visual_exchange[0m
[ 33%] [32mBuilding CXX object CMakeFiles/visual_exchange.dir/src/engineer_viusal_exchange.cpp.o[0m
[ 66%] [32m[1mLinking CXX executable visual_exchange[0m
[100%] Built target visual_exchange
-- Install configuration: ""
-- Up-to-date: /workspaces/Engineer_Visual/src/install/include
-- Up-to-date: /workspaces/Engineer_Visual/src/install/include/visual_exchange
-- Up-to-date: /workspaces/Engineer_Visual/src/install/include/util
-- Up-to-date: /workspaces/Engineer_Visual/src/install/include/util/fps_counter.hpp
-- Installing: /workspaces/Engineer_Visual/src/install/lib/visual_exchange/visual_exchange
-- Set runtime path of "/workspaces/Engineer_Visual/src/install/lib/visual_exchange/visual_exchange" to ""
-- Up-to-date: /workspaces/Engineer_Visual/src/install/share/ament_index/resource_index/package_run_dependencies/visual_exchange
-- Up-to-date: /workspaces/Engineer_Visual/src/install/share/ament_index/resource_index/parent_prefix_path/visual_exchange
-- Up-to-date: /workspaces/Engineer_Visual/src/install/share/visual_exchange/environment/ament_prefix_path.sh
-- Up-to-date: /workspaces/Engineer_Visual/src/install/share/visual_exchange/environment/ament_prefix_path.dsv
-- Up-to-date: /workspaces/Engineer_Visual/src/install/share/visual_exchange/environment/path.sh
-- Up-to-date: /workspaces/Engineer_Visual/src/install/share/visual_exchange/environment/path.dsv
-- Up-to-date: /workspaces/Engineer_Visual/src/install/share/visual_exchange/local_setup.bash
-- Up-to-date: /workspaces/Engineer_Visual/src/install/share/visual_exchange/local_setup.sh
-- Up-to-date: /workspaces/Engineer_Visual/src/install/share/visual_exchange/local_setup.zsh
-- Up-to-date: /workspaces/Engineer_Visual/src/install/share/visual_exchange/local_setup.dsv
-- Installing: /workspaces/Engineer_Visual/src/install/share/visual_exchange/package.dsv
-- Up-to-date: /workspaces/Engineer_Visual/src/install/share/ament_index/resource_index/packages/visual_exchange
-- Up-to-date: /workspaces/Engineer_Visual/src/install/share/visual_exchange/cmake/ament_cmake_export_dependencies-extras.cmake
-- Up-to-date: /workspaces/Engineer_Visual/src/install/share/visual_exchange/cmake/ament_cmake_export_include_directories-extras.cmake
-- Up-to-date: /workspaces/Engineer_Visual/src/install/share/visual_exchange/cmake/visual_exchangeConfig.cmake
-- Up-to-date: /workspaces/Engineer_Visual/src/install/share/visual_exchange/cmake/visual_exchangeConfig-version.cmake
-- Up-to-date: /workspaces/Engineer_Visual/src/install/share/visual_exchange/package.xml
