[0.402s] DEBUG:colcon:Command line arguments: ['/usr/bin/colcon', 'build', '--merge-install']
[0.402s] DEBUG:colcon:Parsed command line arguments: Namespace(log_base=None, log_level=None, verb_name='build', build_base='build', install_base='install', merge_install=True, symlink_install=False, test_result_base=None, continue_on_error=False, executor='parallel', parallel_workers=20, event_handlers=None, ignore_user_meta=False, metas=['./colcon.meta'], base_paths=['.'], packages_ignore=None, packages_ignore_regex=None, paths=None, packages_up_to=None, packages_up_to_regex=None, packages_above=None, packages_above_and_dependencies=None, packages_above_depth=None, packages_select_by_dep=None, packages_skip_by_dep=None, packages_skip_up_to=None, packages_select_build_failed=False, packages_skip_build_finished=False, packages_select_test_failures=False, packages_skip_test_passed=False, packages_select=None, packages_skip=None, packages_select_regex=None, packages_skip_regex=None, packages_start=None, packages_end=None, cmake_args=None, cmake_target=None, cmake_target_skip_unavailable=False, cmake_clean_cache=False, cmake_clean_first=False, cmake_force_configure=False, ament_cmake_args=None, catkin_cmake_args=None, catkin_skip_building_tests=False, mixin_files=None, mixin=None, verb_parser=<colcon_mixin.mixin.mixin_argument.MixinArgumentDecorator object at 0x72244aadf1c0>, verb_extension=<colcon_core.verb.build.BuildVerb object at 0x72244aadc5b0>, main=<bound method BuildVerb.main of <colcon_core.verb.build.BuildVerb object at 0x72244aadc5b0>>, mixin_verb=('build',))
[0.422s] Level 1:colcon.colcon_core.package_discovery:discover_packages(colcon_meta) check parameters
[0.422s] INFO:colcon.colcon_metadata.package_discovery.colcon_meta:Using configuration from '/root/.colcon/metadata/default/Gazebo.meta'
[0.423s] INFO:colcon.colcon_metadata.package_discovery.colcon_meta:Using configuration from '/root/.colcon/metadata/default/fastrtps.meta'
[0.423s] Level 1:colcon.colcon_core.package_discovery:discover_packages(recursive) check parameters
[0.423s] Level 1:colcon.colcon_core.package_discovery:discover_packages(ignore) check parameters
[0.423s] Level 1:colcon.colcon_core.package_discovery:discover_packages(path) check parameters
[0.423s] Level 1:colcon.colcon_core.package_discovery:discover_packages(colcon_meta) discover
[0.423s] Level 1:colcon.colcon_core.package_discovery:discover_packages(recursive) discover
[0.423s] INFO:colcon.colcon_core.package_discovery:Crawling recursively for packages in '/workspaces/Engineer_Visual/src'
[0.423s] Level 1:colcon.colcon_core.package_identification:_identify(.) by extensions ['ignore', 'ignore_ament_install']
[0.423s] Level 1:colcon.colcon_core.package_identification:_identify(.) by extension 'ignore'
[0.423s] Level 1:colcon.colcon_core.package_identification:_identify(.) by extension 'ignore_ament_install'
[0.423s] Level 1:colcon.colcon_core.package_identification:_identify(.) by extensions ['colcon_pkg']
[0.423s] Level 1:colcon.colcon_core.package_identification:_identify(.) by extension 'colcon_pkg'
[0.423s] Level 1:colcon.colcon_core.package_identification:_identify(.) by extensions ['colcon_meta']
[0.423s] Level 1:colcon.colcon_core.package_identification:_identify(.) by extension 'colcon_meta'
[0.423s] Level 1:colcon.colcon_core.package_identification:_identify(.) by extensions ['ros']
[0.423s] Level 1:colcon.colcon_core.package_identification:_identify(.) by extension 'ros'
[0.430s] Level 1:colcon.colcon_core.package_identification:_identify(.) by extensions ['cmake', 'python']
[0.430s] Level 1:colcon.colcon_core.package_identification:_identify(.) by extension 'cmake'
[0.430s] Level 1:colcon.colcon_core.package_identification:_identify(.) by extension 'python'
[0.430s] Level 1:colcon.colcon_core.package_identification:_identify(.) by extensions ['python_setup_py']
[0.430s] Level 1:colcon.colcon_core.package_identification:_identify(.) by extension 'python_setup_py'
[0.430s] Level 1:colcon.colcon_core.package_identification:_identify(MvFGSdkLog) by extensions ['ignore', 'ignore_ament_install']
[0.430s] Level 1:colcon.colcon_core.package_identification:_identify(MvFGSdkLog) by extension 'ignore'
[0.430s] Level 1:colcon.colcon_core.package_identification:_identify(MvFGSdkLog) by extension 'ignore_ament_install'
[0.430s] Level 1:colcon.colcon_core.package_identification:_identify(MvFGSdkLog) by extensions ['colcon_pkg']
[0.430s] Level 1:colcon.colcon_core.package_identification:_identify(MvFGSdkLog) by extension 'colcon_pkg'
[0.430s] Level 1:colcon.colcon_core.package_identification:_identify(MvFGSdkLog) by extensions ['colcon_meta']
[0.430s] Level 1:colcon.colcon_core.package_identification:_identify(MvFGSdkLog) by extension 'colcon_meta'
[0.430s] Level 1:colcon.colcon_core.package_identification:_identify(MvFGSdkLog) by extensions ['ros']
[0.430s] Level 1:colcon.colcon_core.package_identification:_identify(MvFGSdkLog) by extension 'ros'
[0.430s] Level 1:colcon.colcon_core.package_identification:_identify(MvFGSdkLog) by extensions ['cmake', 'python']
[0.430s] Level 1:colcon.colcon_core.package_identification:_identify(MvFGSdkLog) by extension 'cmake'
[0.430s] Level 1:colcon.colcon_core.package_identification:_identify(MvFGSdkLog) by extension 'python'
[0.430s] Level 1:colcon.colcon_core.package_identification:_identify(MvFGSdkLog) by extensions ['python_setup_py']
[0.430s] Level 1:colcon.colcon_core.package_identification:_identify(MvFGSdkLog) by extension 'python_setup_py'
[0.430s] Level 1:colcon.colcon_core.package_identification:_identify(MvSdkLog) by extensions ['ignore', 'ignore_ament_install']
[0.430s] Level 1:colcon.colcon_core.package_identification:_identify(MvSdkLog) by extension 'ignore'
[0.430s] Level 1:colcon.colcon_core.package_identification:_identify(MvSdkLog) by extension 'ignore_ament_install'
[0.430s] Level 1:colcon.colcon_core.package_identification:_identify(MvSdkLog) by extensions ['colcon_pkg']
[0.430s] Level 1:colcon.colcon_core.package_identification:_identify(MvSdkLog) by extension 'colcon_pkg'
[0.430s] Level 1:colcon.colcon_core.package_identification:_identify(MvSdkLog) by extensions ['colcon_meta']
[0.430s] Level 1:colcon.colcon_core.package_identification:_identify(MvSdkLog) by extension 'colcon_meta'
[0.430s] Level 1:colcon.colcon_core.package_identification:_identify(MvSdkLog) by extensions ['ros']
[0.430s] Level 1:colcon.colcon_core.package_identification:_identify(MvSdkLog) by extension 'ros'
[0.430s] Level 1:colcon.colcon_core.package_identification:_identify(MvSdkLog) by extensions ['cmake', 'python']
[0.430s] Level 1:colcon.colcon_core.package_identification:_identify(MvSdkLog) by extension 'cmake'
[0.430s] Level 1:colcon.colcon_core.package_identification:_identify(MvSdkLog) by extension 'python'
[0.430s] Level 1:colcon.colcon_core.package_identification:_identify(MvSdkLog) by extensions ['python_setup_py']
[0.430s] Level 1:colcon.colcon_core.package_identification:_identify(MvSdkLog) by extension 'python_setup_py'
[0.430s] Level 1:colcon.colcon_core.package_identification:_identify(build) by extensions ['ignore', 'ignore_ament_install']
[0.430s] Level 1:colcon.colcon_core.package_identification:_identify(build) by extension 'ignore'
[0.430s] Level 1:colcon.colcon_core.package_identification:_identify(build) ignored
[0.431s] Level 1:colcon.colcon_core.package_identification:_identify(install) by extensions ['ignore', 'ignore_ament_install']
[0.431s] Level 1:colcon.colcon_core.package_identification:_identify(install) by extension 'ignore'
[0.431s] Level 1:colcon.colcon_core.package_identification:_identify(install) ignored
[0.431s] Level 1:colcon.colcon_core.package_identification:_identify(log) by extensions ['ignore', 'ignore_ament_install']
[0.431s] Level 1:colcon.colcon_core.package_identification:_identify(log) by extension 'ignore'
[0.431s] Level 1:colcon.colcon_core.package_identification:_identify(log) ignored
[0.431s] Level 1:colcon.colcon_core.package_identification:_identify(ros2-hikcamera) by extensions ['ignore', 'ignore_ament_install']
[0.431s] Level 1:colcon.colcon_core.package_identification:_identify(ros2-hikcamera) by extension 'ignore'
[0.431s] Level 1:colcon.colcon_core.package_identification:_identify(ros2-hikcamera) by extension 'ignore_ament_install'
[0.431s] Level 1:colcon.colcon_core.package_identification:_identify(ros2-hikcamera) by extensions ['colcon_pkg']
[0.431s] Level 1:colcon.colcon_core.package_identification:_identify(ros2-hikcamera) by extension 'colcon_pkg'
[0.431s] Level 1:colcon.colcon_core.package_identification:_identify(ros2-hikcamera) by extensions ['colcon_meta']
[0.431s] Level 1:colcon.colcon_core.package_identification:_identify(ros2-hikcamera) by extension 'colcon_meta'
[0.431s] Level 1:colcon.colcon_core.package_identification:_identify(ros2-hikcamera) by extensions ['ros']
[0.431s] Level 1:colcon.colcon_core.package_identification:_identify(ros2-hikcamera) by extension 'ros'
[0.432s] DEBUG:colcon.colcon_core.package_identification:Package 'ros2-hikcamera' with type 'ros.ament_cmake' and name 'hikcamera'
[0.432s] Level 1:colcon.colcon_core.package_identification:_identify(visual_exchange) by extensions ['ignore', 'ignore_ament_install']
[0.433s] Level 1:colcon.colcon_core.package_identification:_identify(visual_exchange) by extension 'ignore'
[0.433s] Level 1:colcon.colcon_core.package_identification:_identify(visual_exchange) by extension 'ignore_ament_install'
[0.433s] Level 1:colcon.colcon_core.package_identification:_identify(visual_exchange) by extensions ['colcon_pkg']
[0.433s] Level 1:colcon.colcon_core.package_identification:_identify(visual_exchange) by extension 'colcon_pkg'
[0.433s] Level 1:colcon.colcon_core.package_identification:_identify(visual_exchange) by extensions ['colcon_meta']
[0.433s] Level 1:colcon.colcon_core.package_identification:_identify(visual_exchange) by extension 'colcon_meta'
[0.433s] Level 1:colcon.colcon_core.package_identification:_identify(visual_exchange) by extensions ['ros']
[0.433s] Level 1:colcon.colcon_core.package_identification:_identify(visual_exchange) by extension 'ros'
[0.433s] DEBUG:colcon.colcon_core.package_identification:Package 'visual_exchange' with type 'ros.ament_cmake' and name 'visual_exchange'
[0.433s] Level 1:colcon.colcon_core.package_discovery:discover_packages(recursive) using defaults
[0.433s] Level 1:colcon.colcon_core.package_discovery:discover_packages(ignore) discover
[0.433s] Level 1:colcon.colcon_core.package_discovery:discover_packages(ignore) using defaults
[0.433s] Level 1:colcon.colcon_core.package_discovery:discover_packages(path) discover
[0.433s] Level 1:colcon.colcon_core.package_discovery:discover_packages(path) using defaults
[0.462s] Level 5:colcon.colcon_core.verb:set package 'hikcamera' build argument 'cmake_args' from command line to 'None'
[0.462s] Level 5:colcon.colcon_core.verb:set package 'hikcamera' build argument 'cmake_target' from command line to 'None'
[0.462s] Level 5:colcon.colcon_core.verb:set package 'hikcamera' build argument 'cmake_target_skip_unavailable' from command line to 'False'
[0.462s] Level 5:colcon.colcon_core.verb:set package 'hikcamera' build argument 'cmake_clean_cache' from command line to 'False'
[0.462s] Level 5:colcon.colcon_core.verb:set package 'hikcamera' build argument 'cmake_clean_first' from command line to 'False'
[0.462s] Level 5:colcon.colcon_core.verb:set package 'hikcamera' build argument 'cmake_force_configure' from command line to 'False'
[0.462s] Level 5:colcon.colcon_core.verb:set package 'hikcamera' build argument 'ament_cmake_args' from command line to 'None'
[0.462s] Level 5:colcon.colcon_core.verb:set package 'hikcamera' build argument 'catkin_cmake_args' from command line to 'None'
[0.462s] Level 5:colcon.colcon_core.verb:set package 'hikcamera' build argument 'catkin_skip_building_tests' from command line to 'False'
[0.462s] DEBUG:colcon.colcon_core.verb:Building package 'hikcamera' with the following arguments: {'ament_cmake_args': None, 'build_base': '/workspaces/Engineer_Visual/src/build/hikcamera', 'catkin_cmake_args': None, 'catkin_skip_building_tests': False, 'cmake_args': None, 'cmake_clean_cache': False, 'cmake_clean_first': False, 'cmake_force_configure': False, 'cmake_target': None, 'cmake_target_skip_unavailable': False, 'install_base': '/workspaces/Engineer_Visual/src/install', 'merge_install': True, 'path': '/workspaces/Engineer_Visual/src/ros2-hikcamera', 'symlink_install': False, 'test_result_base': None}
[0.466s] Level 5:colcon.colcon_core.verb:set package 'visual_exchange' build argument 'cmake_args' from command line to 'None'
[0.466s] Level 5:colcon.colcon_core.verb:set package 'visual_exchange' build argument 'cmake_target' from command line to 'None'
[0.466s] Level 5:colcon.colcon_core.verb:set package 'visual_exchange' build argument 'cmake_target_skip_unavailable' from command line to 'False'
[0.466s] Level 5:colcon.colcon_core.verb:set package 'visual_exchange' build argument 'cmake_clean_cache' from command line to 'False'
[0.466s] Level 5:colcon.colcon_core.verb:set package 'visual_exchange' build argument 'cmake_clean_first' from command line to 'False'
[0.466s] Level 5:colcon.colcon_core.verb:set package 'visual_exchange' build argument 'cmake_force_configure' from command line to 'False'
[0.466s] Level 5:colcon.colcon_core.verb:set package 'visual_exchange' build argument 'ament_cmake_args' from command line to 'None'
[0.466s] Level 5:colcon.colcon_core.verb:set package 'visual_exchange' build argument 'catkin_cmake_args' from command line to 'None'
[0.466s] Level 5:colcon.colcon_core.verb:set package 'visual_exchange' build argument 'catkin_skip_building_tests' from command line to 'False'
[0.466s] DEBUG:colcon.colcon_core.verb:Building package 'visual_exchange' with the following arguments: {'ament_cmake_args': None, 'build_base': '/workspaces/Engineer_Visual/src/build/visual_exchange', 'catkin_cmake_args': None, 'catkin_skip_building_tests': False, 'cmake_args': None, 'cmake_clean_cache': False, 'cmake_clean_first': False, 'cmake_force_configure': False, 'cmake_target': None, 'cmake_target_skip_unavailable': False, 'install_base': '/workspaces/Engineer_Visual/src/install', 'merge_install': True, 'path': '/workspaces/Engineer_Visual/src/visual_exchange', 'symlink_install': False, 'test_result_base': None}
[0.471s] INFO:colcon.colcon_core.executor:Executing jobs using 'parallel' executor
[0.475s] DEBUG:colcon.colcon_parallel_executor.executor.parallel:run_until_complete
[0.475s] INFO:colcon.colcon_ros.task.ament_cmake.build:Building ROS package in '/workspaces/Engineer_Visual/src/ros2-hikcamera' with build type 'ament_cmake'
[0.475s] INFO:colcon.colcon_cmake.task.cmake.build:Building CMake package in '/workspaces/Engineer_Visual/src/ros2-hikcamera'
[0.481s] INFO:colcon.colcon_core.plugin_system:Skipping extension 'colcon_core.shell.bat': Not used on non-Windows systems
[0.481s] INFO:colcon.colcon_core.shell:Skip shell extension 'powershell' for command environment: Not usable outside of PowerShell
[0.481s] DEBUG:colcon.colcon_core.shell:Skip shell extension 'dsv' for command environment
[0.499s] DEBUG:colcon.colcon_core.event_handler.log_command:Invoking command in '/workspaces/Engineer_Visual/src/build/hikcamera': CMAKE_PREFIX_PATH=${CMAKE_PREFIX_PATH}:/opt/ros/humble /usr/bin/cmake --build /workspaces/Engineer_Visual/src/build/hikcamera -- -j20 -l20
[0.539s] DEBUG:colcon.colcon_core.event_handler.log_command:Invoked command in '/workspaces/Engineer_Visual/src/build/hikcamera' returned '0': CMAKE_PREFIX_PATH=${CMAKE_PREFIX_PATH}:/opt/ros/humble /usr/bin/cmake --build /workspaces/Engineer_Visual/src/build/hikcamera -- -j20 -l20
[0.559s] DEBUG:colcon.colcon_core.event_handler.log_command:Invoking command in '/workspaces/Engineer_Visual/src/build/hikcamera': CMAKE_PREFIX_PATH=${CMAKE_PREFIX_PATH}:/opt/ros/humble /usr/bin/cmake --install /workspaces/Engineer_Visual/src/build/hikcamera
[0.566s] Level 1:colcon.colcon_core.environment:create_environment_scripts_only(hikcamera)
[0.566s] DEBUG:colcon.colcon_core.event_handler.log_command:Invoked command in '/workspaces/Engineer_Visual/src/build/hikcamera' returned '0': CMAKE_PREFIX_PATH=${CMAKE_PREFIX_PATH}:/opt/ros/humble /usr/bin/cmake --install /workspaces/Engineer_Visual/src/build/hikcamera
[0.572s] Level 1:colcon.colcon_core.environment:checking '/workspaces/Engineer_Visual/src/install' for CMake module files
[0.572s] Level 1:colcon.colcon_core.environment:checking '/workspaces/Engineer_Visual/src/install' for CMake config files
[0.572s] Level 1:colcon.colcon_core.shell:create_environment_hook('hikcamera', 'cmake_prefix_path')
[0.577s] INFO:colcon.colcon_core.shell:Creating environment hook '/workspaces/Engineer_Visual/src/install/share/hikcamera/hook/cmake_prefix_path.ps1'
[0.577s] INFO:colcon.colcon_core.shell:Creating environment descriptor '/workspaces/Engineer_Visual/src/install/share/hikcamera/hook/cmake_prefix_path.dsv'
[0.578s] INFO:colcon.colcon_core.shell:Creating environment hook '/workspaces/Engineer_Visual/src/install/share/hikcamera/hook/cmake_prefix_path.sh'
[0.578s] Level 1:colcon.colcon_core.environment:checking '/workspaces/Engineer_Visual/src/install/lib'
[0.578s] Level 1:colcon.colcon_core.shell:create_environment_hook('hikcamera', 'ld_library_path_lib')
[0.582s] INFO:colcon.colcon_core.shell:Creating environment hook '/workspaces/Engineer_Visual/src/install/share/hikcamera/hook/ld_library_path_lib.ps1'
[0.583s] INFO:colcon.colcon_core.shell:Creating environment descriptor '/workspaces/Engineer_Visual/src/install/share/hikcamera/hook/ld_library_path_lib.dsv'
[0.583s] INFO:colcon.colcon_core.shell:Creating environment hook '/workspaces/Engineer_Visual/src/install/share/hikcamera/hook/ld_library_path_lib.sh'
[0.583s] Level 1:colcon.colcon_core.environment:checking '/workspaces/Engineer_Visual/src/install/bin'
[0.583s] Level 1:colcon.colcon_core.environment:checking '/workspaces/Engineer_Visual/src/install/lib/pkgconfig/hikcamera.pc'
[0.584s] Level 1:colcon.colcon_core.environment:checking '/workspaces/Engineer_Visual/src/install/lib/python3.10/site-packages'
[0.585s] Level 1:colcon.colcon_core.environment:checking '/workspaces/Engineer_Visual/src/install/bin'
[0.589s] INFO:colcon.colcon_core.shell:Creating package script '/workspaces/Engineer_Visual/src/install/share/hikcamera/package.ps1'
[0.589s] INFO:colcon.colcon_core.shell:Creating package descriptor '/workspaces/Engineer_Visual/src/install/share/hikcamera/package.dsv'
[0.590s] INFO:colcon.colcon_core.shell:Creating package script '/workspaces/Engineer_Visual/src/install/share/hikcamera/package.sh'
[0.590s] INFO:colcon.colcon_core.shell:Creating package script '/workspaces/Engineer_Visual/src/install/share/hikcamera/package.bash'
[0.590s] INFO:colcon.colcon_core.shell:Creating package script '/workspaces/Engineer_Visual/src/install/share/hikcamera/package.zsh'
[0.591s] Level 1:colcon.colcon_core.environment:create_file_with_runtime_dependencies(/workspaces/Engineer_Visual/src/install/share/colcon-core/packages/hikcamera)
[0.609s] Level 1:colcon.colcon_core.environment:create_environment_scripts_only(hikcamera)
[0.613s] Level 1:colcon.colcon_core.environment:checking '/workspaces/Engineer_Visual/src/install' for CMake module files
[0.613s] Level 1:colcon.colcon_core.environment:checking '/workspaces/Engineer_Visual/src/install' for CMake config files
[0.614s] Level 1:colcon.colcon_core.shell:create_environment_hook('hikcamera', 'cmake_prefix_path')
[0.617s] INFO:colcon.colcon_core.shell:Creating environment hook '/workspaces/Engineer_Visual/src/install/share/hikcamera/hook/cmake_prefix_path.ps1'
[0.618s] INFO:colcon.colcon_core.shell:Creating environment descriptor '/workspaces/Engineer_Visual/src/install/share/hikcamera/hook/cmake_prefix_path.dsv'
[0.618s] INFO:colcon.colcon_core.shell:Creating environment hook '/workspaces/Engineer_Visual/src/install/share/hikcamera/hook/cmake_prefix_path.sh'
[0.618s] Level 1:colcon.colcon_core.environment:checking '/workspaces/Engineer_Visual/src/install/lib'
[0.618s] Level 1:colcon.colcon_core.shell:create_environment_hook('hikcamera', 'ld_library_path_lib')
[0.622s] INFO:colcon.colcon_core.shell:Creating environment hook '/workspaces/Engineer_Visual/src/install/share/hikcamera/hook/ld_library_path_lib.ps1'
[0.622s] INFO:colcon.colcon_core.shell:Creating environment descriptor '/workspaces/Engineer_Visual/src/install/share/hikcamera/hook/ld_library_path_lib.dsv'
[0.622s] INFO:colcon.colcon_core.shell:Creating environment hook '/workspaces/Engineer_Visual/src/install/share/hikcamera/hook/ld_library_path_lib.sh'
[0.623s] Level 1:colcon.colcon_core.environment:checking '/workspaces/Engineer_Visual/src/install/bin'
[0.623s] Level 1:colcon.colcon_core.environment:checking '/workspaces/Engineer_Visual/src/install/lib/pkgconfig/hikcamera.pc'
[0.623s] Level 1:colcon.colcon_core.environment:checking '/workspaces/Engineer_Visual/src/install/lib/python3.10/site-packages'
[0.623s] Level 1:colcon.colcon_core.environment:checking '/workspaces/Engineer_Visual/src/install/bin'
[0.627s] INFO:colcon.colcon_core.shell:Creating package script '/workspaces/Engineer_Visual/src/install/share/hikcamera/package.ps1'
[0.627s] INFO:colcon.colcon_core.shell:Creating package descriptor '/workspaces/Engineer_Visual/src/install/share/hikcamera/package.dsv'
[0.627s] INFO:colcon.colcon_core.shell:Creating package script '/workspaces/Engineer_Visual/src/install/share/hikcamera/package.sh'
[0.628s] INFO:colcon.colcon_core.shell:Creating package script '/workspaces/Engineer_Visual/src/install/share/hikcamera/package.bash'
[0.628s] INFO:colcon.colcon_core.shell:Creating package script '/workspaces/Engineer_Visual/src/install/share/hikcamera/package.zsh'
[0.628s] Level 1:colcon.colcon_core.environment:create_file_with_runtime_dependencies(/workspaces/Engineer_Visual/src/install/share/colcon-core/packages/hikcamera)
[0.628s] INFO:colcon.colcon_ros.task.ament_cmake.build:Building ROS package in '/workspaces/Engineer_Visual/src/visual_exchange' with build type 'ament_cmake'
[0.628s] INFO:colcon.colcon_cmake.task.cmake.build:Building CMake package in '/workspaces/Engineer_Visual/src/visual_exchange'
[0.632s] INFO:colcon.colcon_core.shell:Skip shell extension 'powershell' for command environment: Not usable outside of PowerShell
[0.632s] DEBUG:colcon.colcon_core.shell:Skip shell extension 'dsv' for command environment
[0.652s] DEBUG:colcon.colcon_core.event_handler.log_command:Invoking command in '/workspaces/Engineer_Visual/src/build/visual_exchange': CMAKE_PREFIX_PATH=${CMAKE_PREFIX_PATH}:/opt/ros/humble /usr/bin/cmake --build /workspaces/Engineer_Visual/src/build/visual_exchange -- -j20 -l20
[5.419s] DEBUG:colcon.colcon_core.event_handler.log_command:Invoked command in '/workspaces/Engineer_Visual/src/build/visual_exchange' returned '0': CMAKE_PREFIX_PATH=${CMAKE_PREFIX_PATH}:/opt/ros/humble /usr/bin/cmake --build /workspaces/Engineer_Visual/src/build/visual_exchange -- -j20 -l20
[5.435s] DEBUG:colcon.colcon_core.event_handler.log_command:Invoking command in '/workspaces/Engineer_Visual/src/build/visual_exchange': CMAKE_PREFIX_PATH=${CMAKE_PREFIX_PATH}:/opt/ros/humble /usr/bin/cmake --install /workspaces/Engineer_Visual/src/build/visual_exchange
[5.443s] Level 1:colcon.colcon_core.environment:create_environment_scripts_only(visual_exchange)
[5.444s] DEBUG:colcon.colcon_core.event_handler.log_command:Invoked command in '/workspaces/Engineer_Visual/src/build/visual_exchange' returned '0': CMAKE_PREFIX_PATH=${CMAKE_PREFIX_PATH}:/opt/ros/humble /usr/bin/cmake --install /workspaces/Engineer_Visual/src/build/visual_exchange
[5.448s] Level 1:colcon.colcon_core.environment:checking '/workspaces/Engineer_Visual/src/install' for CMake module files
[5.448s] Level 1:colcon.colcon_core.environment:checking '/workspaces/Engineer_Visual/src/install' for CMake config files
[5.448s] Level 1:colcon.colcon_core.shell:create_environment_hook('visual_exchange', 'cmake_prefix_path')
[5.452s] INFO:colcon.colcon_core.shell:Creating environment hook '/workspaces/Engineer_Visual/src/install/share/visual_exchange/hook/cmake_prefix_path.ps1'
[5.452s] INFO:colcon.colcon_core.shell:Creating environment descriptor '/workspaces/Engineer_Visual/src/install/share/visual_exchange/hook/cmake_prefix_path.dsv'
[5.452s] INFO:colcon.colcon_core.shell:Creating environment hook '/workspaces/Engineer_Visual/src/install/share/visual_exchange/hook/cmake_prefix_path.sh'
[5.453s] Level 1:colcon.colcon_core.environment:checking '/workspaces/Engineer_Visual/src/install/lib'
[5.453s] Level 1:colcon.colcon_core.shell:create_environment_hook('visual_exchange', 'ld_library_path_lib')
[5.456s] INFO:colcon.colcon_core.shell:Creating environment hook '/workspaces/Engineer_Visual/src/install/share/visual_exchange/hook/ld_library_path_lib.ps1'
[5.457s] INFO:colcon.colcon_core.shell:Creating environment descriptor '/workspaces/Engineer_Visual/src/install/share/visual_exchange/hook/ld_library_path_lib.dsv'
[5.457s] INFO:colcon.colcon_core.shell:Creating environment hook '/workspaces/Engineer_Visual/src/install/share/visual_exchange/hook/ld_library_path_lib.sh'
[5.457s] Level 1:colcon.colcon_core.environment:checking '/workspaces/Engineer_Visual/src/install/bin'
[5.457s] Level 1:colcon.colcon_core.environment:checking '/workspaces/Engineer_Visual/src/install/lib/pkgconfig/visual_exchange.pc'
[5.457s] Level 1:colcon.colcon_core.environment:checking '/workspaces/Engineer_Visual/src/install/lib/python3.10/site-packages'
[5.457s] Level 1:colcon.colcon_core.environment:checking '/workspaces/Engineer_Visual/src/install/bin'
[5.461s] INFO:colcon.colcon_core.shell:Creating package script '/workspaces/Engineer_Visual/src/install/share/visual_exchange/package.ps1'
[5.461s] INFO:colcon.colcon_core.shell:Creating package descriptor '/workspaces/Engineer_Visual/src/install/share/visual_exchange/package.dsv'
[5.462s] INFO:colcon.colcon_core.shell:Creating package script '/workspaces/Engineer_Visual/src/install/share/visual_exchange/package.sh'
[5.462s] INFO:colcon.colcon_core.shell:Creating package script '/workspaces/Engineer_Visual/src/install/share/visual_exchange/package.bash'
[5.462s] INFO:colcon.colcon_core.shell:Creating package script '/workspaces/Engineer_Visual/src/install/share/visual_exchange/package.zsh'
[5.462s] Level 1:colcon.colcon_core.environment:create_file_with_runtime_dependencies(/workspaces/Engineer_Visual/src/install/share/colcon-core/packages/visual_exchange)
[5.481s] Level 1:colcon.colcon_core.environment:create_environment_scripts_only(visual_exchange)
[5.485s] Level 1:colcon.colcon_core.environment:checking '/workspaces/Engineer_Visual/src/install' for CMake module files
[5.485s] Level 1:colcon.colcon_core.environment:checking '/workspaces/Engineer_Visual/src/install' for CMake config files
[5.485s] Level 1:colcon.colcon_core.shell:create_environment_hook('visual_exchange', 'cmake_prefix_path')
[5.489s] INFO:colcon.colcon_core.shell:Creating environment hook '/workspaces/Engineer_Visual/src/install/share/visual_exchange/hook/cmake_prefix_path.ps1'
[5.489s] INFO:colcon.colcon_core.shell:Creating environment descriptor '/workspaces/Engineer_Visual/src/install/share/visual_exchange/hook/cmake_prefix_path.dsv'
[5.489s] INFO:colcon.colcon_core.shell:Creating environment hook '/workspaces/Engineer_Visual/src/install/share/visual_exchange/hook/cmake_prefix_path.sh'
[5.490s] Level 1:colcon.colcon_core.environment:checking '/workspaces/Engineer_Visual/src/install/lib'
[5.490s] Level 1:colcon.colcon_core.shell:create_environment_hook('visual_exchange', 'ld_library_path_lib')
[5.494s] INFO:colcon.colcon_core.shell:Creating environment hook '/workspaces/Engineer_Visual/src/install/share/visual_exchange/hook/ld_library_path_lib.ps1'
[5.494s] INFO:colcon.colcon_core.shell:Creating environment descriptor '/workspaces/Engineer_Visual/src/install/share/visual_exchange/hook/ld_library_path_lib.dsv'
[5.494s] INFO:colcon.colcon_core.shell:Creating environment hook '/workspaces/Engineer_Visual/src/install/share/visual_exchange/hook/ld_library_path_lib.sh'
[5.494s] Level 1:colcon.colcon_core.environment:checking '/workspaces/Engineer_Visual/src/install/bin'
[5.494s] Level 1:colcon.colcon_core.environment:checking '/workspaces/Engineer_Visual/src/install/lib/pkgconfig/visual_exchange.pc'
[5.495s] Level 1:colcon.colcon_core.environment:checking '/workspaces/Engineer_Visual/src/install/lib/python3.10/site-packages'
[5.495s] Level 1:colcon.colcon_core.environment:checking '/workspaces/Engineer_Visual/src/install/bin'
[5.499s] INFO:colcon.colcon_core.shell:Creating package script '/workspaces/Engineer_Visual/src/install/share/visual_exchange/package.ps1'
[5.499s] INFO:colcon.colcon_core.shell:Creating package descriptor '/workspaces/Engineer_Visual/src/install/share/visual_exchange/package.dsv'
[5.499s] INFO:colcon.colcon_core.shell:Creating package script '/workspaces/Engineer_Visual/src/install/share/visual_exchange/package.sh'
[5.499s] INFO:colcon.colcon_core.shell:Creating package script '/workspaces/Engineer_Visual/src/install/share/visual_exchange/package.bash'
[5.500s] INFO:colcon.colcon_core.shell:Creating package script '/workspaces/Engineer_Visual/src/install/share/visual_exchange/package.zsh'
[5.500s] Level 1:colcon.colcon_core.environment:create_file_with_runtime_dependencies(/workspaces/Engineer_Visual/src/install/share/colcon-core/packages/visual_exchange)
[5.500s] DEBUG:colcon.colcon_parallel_executor.executor.parallel:closing loop
[5.500s] DEBUG:colcon.colcon_parallel_executor.executor.parallel:loop closed
[5.500s] DEBUG:colcon.colcon_parallel_executor.executor.parallel:run_until_complete finished with '0'
[5.500s] DEBUG:colcon.colcon_core.event_reactor:joining thread
[5.507s] INFO:colcon.colcon_core.plugin_system:Skipping extension 'colcon_notification.desktop_notification.notify_send': Could not find 'notify-send'
[5.507s] INFO:colcon.colcon_core.plugin_system:Skipping extension 'colcon_notification.desktop_notification.terminal_notifier': Not used on non-Darwin systems
[5.508s] INFO:colcon.colcon_core.plugin_system:Skipping extension 'colcon_notification.desktop_notification.win32': Not used on non-Windows systems
[5.508s] INFO:colcon.colcon_notification.desktop_notification:Sending desktop notification using 'notify2'
[5.509s] DEBUG:colcon.colcon_notification.desktop_notification.notify2:Failed to initialize notify2: org.freedesktop.DBus.Error.Spawn.ExecFailed: /usr/bin/dbus-launch terminated abnormally without any error message
[5.509s] DEBUG:colcon.colcon_core.event_reactor:joined thread
[5.514s] INFO:colcon.colcon_core.shell:Creating prefix script '/workspaces/Engineer_Visual/src/install/local_setup.ps1'
[5.515s] INFO:colcon.colcon_core.shell:Creating prefix util module '/workspaces/Engineer_Visual/src/install/_local_setup_util_ps1.py'
[5.515s] INFO:colcon.colcon_core.shell:Creating prefix chain script '/workspaces/Engineer_Visual/src/install/setup.ps1'
[5.520s] INFO:colcon.colcon_core.shell:Creating prefix script '/workspaces/Engineer_Visual/src/install/local_setup.sh'
[5.520s] INFO:colcon.colcon_core.shell:Creating prefix util module '/workspaces/Engineer_Visual/src/install/_local_setup_util_sh.py'
[5.520s] INFO:colcon.colcon_core.shell:Creating prefix chain script '/workspaces/Engineer_Visual/src/install/setup.sh'
[5.525s] INFO:colcon.colcon_core.shell:Creating prefix script '/workspaces/Engineer_Visual/src/install/local_setup.bash'
[5.525s] INFO:colcon.colcon_core.shell:Creating prefix chain script '/workspaces/Engineer_Visual/src/install/setup.bash'
[5.529s] INFO:colcon.colcon_core.shell:Creating prefix script '/workspaces/Engineer_Visual/src/install/local_setup.zsh'
[5.529s] INFO:colcon.colcon_core.shell:Creating prefix chain script '/workspaces/Engineer_Visual/src/install/setup.zsh'
